{"/home/runner/work/tessa-ai/tessa-ai/src/App.jsx": {"path":"/home/runner/work/tessa-ai/tessa-ai/src/App.jsx","statementMap":{"0":{"start":{"line":14,"column":36},"end":{"line":14,"column":47}},"1":{"start":{"line":15,"column":20},"end":{"line":15,"column":53}},"2":{"start":{"line":16,"column":17},"end":{"line":16,"column":57}},"3":{"start":{"line":18,"column":22},"end":{"line":20,"column":19}},"4":{"start":{"line":18,"column":57},"end":{"line":20,"column":19}},"5":{"start":{"line":22,"column":25},"end":{"line":67,"column":1}},"6":{"start":{"line":23,"column":81},"end":{"line":23,"column":90}},"7":{"start":{"line":26,"column":2},"end":{"line":32,"column":3}},"8":{"start":{"line":27,"column":4},"end":{"line":31,"column":6}},"9":{"start":{"line":35,"column":2},"end":{"line":43,"column":3}},"10":{"start":{"line":36,"column":4},"end":{"line":42,"column":5}},"11":{"start":{"line":37,"column":6},"end":{"line":37,"column":40}},"12":{"start":{"line":38,"column":11},"end":{"line":42,"column":5}},"13":{"start":{"line":40,"column":6},"end":{"line":40,"column":24}},"14":{"start":{"line":41,"column":6},"end":{"line":41,"column":18}},"15":{"start":{"line":46,"column":2},"end":{"line":66,"column":4}},"16":{"start":{"line":54,"column":8},"end":{"line":62,"column":10}},"17":{"start":{"line":72,"column":2},"end":{"line":88,"column":3}}},"fnMap":{"0":{"name":"(anonymous_0)","decl":{"start":{"line":18,"column":22},"end":{"line":18,"column":23}},"loc":{"start":{"line":18,"column":57},"end":{"line":20,"column":19}},"line":18},"1":{"name":"(anonymous_1)","decl":{"start":{"line":22,"column":25},"end":{"line":22,"column":26}},"loc":{"start":{"line":22,"column":31},"end":{"line":67,"column":1}},"line":22},"2":{"name":"(anonymous_2)","decl":{"start":{"line":53,"column":33},"end":{"line":53,"column":34}},"loc":{"start":{"line":54,"column":8},"end":{"line":62,"column":10}},"line":54},"3":{"name":"App","decl":{"start":{"line":70,"column":9},"end":{"line":70,"column":12}},"loc":{"start":{"line":70,"column":15},"end":{"line":89,"column":1}},"line":70}},"branchMap":{"0":{"loc":{"start":{"line":15,"column":20},"end":{"line":15,"column":53}},"type":"binary-expr","locations":[{"start":{"line":15,"column":20},"end":{"line":15,"column":28}},{"start":{"line":15,"column":32},"end":{"line":15,"column":53}}],"line":15},"1":{"loc":{"start":{"line":16,"column":17},"end":{"line":16,"column":57}},"type":"cond-expr","locations":[{"start":{"line":16,"column":31},"end":{"line":16,"column":49}},{"start":{"line":16,"column":52},"end":{"line":16,"column":57}}],"line":16},"2":{"loc":{"start":{"line":18,"column":57},"end":{"line":20,"column":19}},"type":"cond-expr","locations":[{"start":{"line":19,"column":2},"end":{"line":19,"column":63}},{"start":{"line":20,"column":4},"end":{"line":20,"column":19}}],"line":18},"3":{"loc":{"start":{"line":26,"column":2},"end":{"line":32,"column":3}},"type":"if","locations":[{"start":{"line":26,"column":2},"end":{"line":32,"column":3}},{"start":{},"end":{}}],"line":26},"4":{"loc":{"start":{"line":26,"column":6},"end":{"line":26,"column":46}},"type":"binary-expr","locations":[{"start":{"line":26,"column":6},"end":{"line":26,"column":29}},{"start":{"line":26,"column":33},"end":{"line":26,"column":46}}],"line":26},"5":{"loc":{"start":{"line":35,"column":2},"end":{"line":43,"column":3}},"type":"if","locations":[{"start":{"line":35,"column":2},"end":{"line":43,"column":3}},{"start":{},"end":{}}],"line":35},"6":{"loc":{"start":{"line":36,"column":4},"end":{"line":42,"column":5}},"type":"if","locations":[{"start":{"line":36,"column":4},"end":{"line":42,"column":5}},{"start":{"line":38,"column":11},"end":{"line":42,"column":5}}],"line":36},"7":{"loc":{"start":{"line":38,"column":11},"end":{"line":42,"column":5}},"type":"if","locations":[{"start":{"line":38,"column":11},"end":{"line":42,"column":5}},{"start":{},"end":{}}],"line":38}},"s":{"0":0,"1":0,"2":0,"3":0,"4":0,"5":0,"6":0,"7":0,"8":0,"9":0,"10":0,"11":0,"12":0,"13":0,"14":0,"15":0,"16":0,"17":0},"f":{"0":0,"1":0,"2":0,"3":0},"b":{"0":[0,0],"1":[0,0],"2":[0,0],"3":[0,0],"4":[0,0],"5":[0,0],"6":[0,0],"7":[0,0]}}
,"/home/runner/work/tessa-ai/tessa-ai/src/Layout.jsx": {"path":"/home/runner/work/tessa-ai/tessa-ai/src/Layout.jsx","statementMap":{"0":{"start":{"line":5,"column":2},"end":{"line":35,"column":4}}},"fnMap":{"0":{"name":"Layout","decl":{"start":{"line":4,"column":24},"end":{"line":4,"column":30}},"loc":{"start":{"line":4,"column":45},"end":{"line":36,"column":1}},"line":4}},"branchMap":{},"s":{"0":0},"f":{"0":0},"b":{}}
,"/home/runner/work/tessa-ai/tessa-ai/src/api/base44Client.js": {"path":"/home/runner/work/tessa-ai/tessa-ai/src/api/base44Client.js","statementMap":{"0":{"start":{"line":4,"column":43},"end":{"line":4,"column":52}},"1":{"start":{"line":7,"column":22},"end":{"line":13,"column":2}}},"fnMap":{},"branchMap":{},"s":{"0":0,"1":0},"f":{},"b":{}}
,"/home/runner/work/tessa-ai/tessa-ai/src/components/ErrorBoundary.jsx": {"path":"/home/runner/work/tessa-ai/tessa-ai/src/components/ErrorBoundary.jsx","statementMap":{"0":{"start":{"line":11,"column":4},"end":{"line":11,"column":17}},"1":{"start":{"line":12,"column":4},"end":{"line":16,"column":6}},"2":{"start":{"line":21,"column":4},"end":{"line":21,"column":30}},"3":{"start":{"line":26,"column":4},"end":{"line":26,"column":70}},"4":{"start":{"line":28,"column":4},"end":{"line":31,"column":7}},"5":{"start":{"line":37,"column":16},"end":{"line":48,"column":3}},"6":{"start":{"line":38,"column":4},"end":{"line":42,"column":7}},"7":{"start":{"line":45,"column":4},"end":{"line":47,"column":5}},"8":{"start":{"line":46,"column":6},"end":{"line":46,"column":27}},"9":{"start":{"line":51,"column":4},"end":{"line":141,"column":5}},"10":{"start":{"line":53,"column":6},"end":{"line":59,"column":7}},"11":{"start":{"line":54,"column":8},"end":{"line":58,"column":11}},"12":{"start":{"line":62,"column":6},"end":{"line":140,"column":8}},"13":{"start":{"line":118,"column":33},"end":{"line":118,"column":57}},"14":{"start":{"line":130,"column":20},"end":{"line":130,"column":72}},"15":{"start":{"line":143,"column":4},"end":{"line":143,"column":31}}},"fnMap":{"0":{"name":"(anonymous_0)","decl":{"start":{"line":10,"column":2},"end":{"line":10,"column":3}},"loc":{"start":{"line":10,"column":21},"end":{"line":17,"column":3}},"line":10},"1":{"name":"(anonymous_1)","decl":{"start":{"line":19,"column":2},"end":{"line":19,"column":3}},"loc":{"start":{"line":19,"column":41},"end":{"line":22,"column":3}},"line":19},"2":{"name":"(anonymous_2)","decl":{"start":{"line":24,"column":2},"end":{"line":24,"column":3}},"loc":{"start":{"line":24,"column":38},"end":{"line":35,"column":3}},"line":24},"3":{"name":"(anonymous_3)","decl":{"start":{"line":37,"column":16},"end":{"line":37,"column":17}},"loc":{"start":{"line":37,"column":22},"end":{"line":48,"column":3}},"line":37},"4":{"name":"(anonymous_4)","decl":{"start":{"line":50,"column":2},"end":{"line":50,"column":3}},"loc":{"start":{"line":50,"column":11},"end":{"line":144,"column":3}},"line":50},"5":{"name":"(anonymous_5)","decl":{"start":{"line":118,"column":27},"end":{"line":118,"column":28}},"loc":{"start":{"line":118,"column":33},"end":{"line":118,"column":57}},"line":118},"6":{"name":"(anonymous_6)","decl":{"start":{"line":128,"column":27},"end":{"line":128,"column":28}},"loc":{"start":{"line":128,"column":33},"end":{"line":131,"column":19}},"line":128}},"branchMap":{"0":{"loc":{"start":{"line":45,"column":4},"end":{"line":47,"column":5}},"type":"if","locations":[{"start":{"line":45,"column":4},"end":{"line":47,"column":5}},{"start":{},"end":{}}],"line":45},"1":{"loc":{"start":{"line":51,"column":4},"end":{"line":141,"column":5}},"type":"if","locations":[{"start":{"line":51,"column":4},"end":{"line":141,"column":5}},{"start":{},"end":{}}],"line":51},"2":{"loc":{"start":{"line":53,"column":6},"end":{"line":59,"column":7}},"type":"if","locations":[{"start":{"line":53,"column":6},"end":{"line":59,"column":7}},{"start":{},"end":{}}],"line":53},"3":{"loc":{"start":{"line":90,"column":15},"end":{"line":106,"column":15}},"type":"binary-expr","locations":[{"start":{"line":90,"column":15},"end":{"line":90,"column":53}},{"start":{"line":90,"column":57},"end":{"line":90,"column":73}},{"start":{"line":91,"column":16},"end":{"line":105,"column":22}}],"line":90},"4":{"loc":{"start":{"line":95,"column":19},"end":{"line":104,"column":19}},"type":"binary-expr","locations":[{"start":{"line":95,"column":19},"end":{"line":95,"column":39}},{"start":{"line":96,"column":20},"end":{"line":103,"column":30}}],"line":95},"5":{"loc":{"start":{"line":125,"column":15},"end":{"line":136,"column":15}},"type":"binary-expr","locations":[{"start":{"line":125,"column":15},"end":{"line":125,"column":42}},{"start":{"line":126,"column":16},"end":{"line":135,"column":25}}],"line":125}},"s":{"0":0,"1":0,"2":0,"3":0,"4":0,"5":0,"6":0,"7":0,"8":0,"9":0,"10":0,"11":0,"12":0,"13":0,"14":0,"15":0},"f":{"0":0,"1":0,"2":0,"3":0,"4":0,"5":0,"6":0},"b":{"0":[0,0],"1":[0,0],"2":[0,0],"3":[0,0,0],"4":[0,0],"5":[0,0]}}
,"/home/runner/work/tessa-ai/tessa-ai/src/components/OfflineIndicator.jsx": {"path":"/home/runner/work/tessa-ai/tessa-ai/src/components/OfflineIndicator.jsx","statementMap":{"0":{"start":{"line":8,"column":25},"end":{"line":62,"column":1}},"1":{"start":{"line":9,"column":34},"end":{"line":9,"column":60}},"2":{"start":{"line":10,"column":50},"end":{"line":10,"column":65}},"3":{"start":{"line":12,"column":2},"end":{"line":34,"column":9}},"4":{"start":{"line":13,"column":25},"end":{"line":20,"column":5}},"5":{"start":{"line":14,"column":6},"end":{"line":14,"column":32}},"6":{"start":{"line":16,"column":6},"end":{"line":19,"column":15}},"7":{"start":{"line":17,"column":8},"end":{"line":17,"column":26}},"8":{"start":{"line":18,"column":8},"end":{"line":18,"column":35}},"9":{"start":{"line":22,"column":26},"end":{"line":25,"column":5}},"10":{"start":{"line":23,"column":6},"end":{"line":23,"column":25}},"11":{"start":{"line":24,"column":6},"end":{"line":24,"column":33}},"12":{"start":{"line":27,"column":4},"end":{"line":27,"column":52}},"13":{"start":{"line":28,"column":4},"end":{"line":28,"column":54}},"14":{"start":{"line":30,"column":4},"end":{"line":33,"column":6}},"15":{"start":{"line":31,"column":6},"end":{"line":31,"column":57}},"16":{"start":{"line":32,"column":6},"end":{"line":32,"column":59}},"17":{"start":{"line":37,"column":2},"end":{"line":39,"column":3}},"18":{"start":{"line":38,"column":4},"end":{"line":38,"column":16}},"19":{"start":{"line":41,"column":2},"end":{"line":61,"column":4}}},"fnMap":{"0":{"name":"(anonymous_0)","decl":{"start":{"line":8,"column":25},"end":{"line":8,"column":26}},"loc":{"start":{"line":8,"column":31},"end":{"line":62,"column":1}},"line":8},"1":{"name":"(anonymous_1)","decl":{"start":{"line":12,"column":12},"end":{"line":12,"column":13}},"loc":{"start":{"line":12,"column":18},"end":{"line":34,"column":3}},"line":12},"2":{"name":"(anonymous_2)","decl":{"start":{"line":13,"column":25},"end":{"line":13,"column":26}},"loc":{"start":{"line":13,"column":31},"end":{"line":20,"column":5}},"line":13},"3":{"name":"(anonymous_3)","decl":{"start":{"line":16,"column":17},"end":{"line":16,"column":18}},"loc":{"start":{"line":16,"column":23},"end":{"line":19,"column":7}},"line":16},"4":{"name":"(anonymous_4)","decl":{"start":{"line":22,"column":26},"end":{"line":22,"column":27}},"loc":{"start":{"line":22,"column":32},"end":{"line":25,"column":5}},"line":22},"5":{"name":"(anonymous_5)","decl":{"start":{"line":30,"column":11},"end":{"line":30,"column":12}},"loc":{"start":{"line":30,"column":17},"end":{"line":33,"column":5}},"line":30}},"branchMap":{"0":{"loc":{"start":{"line":37,"column":2},"end":{"line":39,"column":3}},"type":"if","locations":[{"start":{"line":37,"column":2},"end":{"line":39,"column":3}},{"start":{},"end":{}}],"line":37},"1":{"loc":{"start":{"line":37,"column":6},"end":{"line":37,"column":35}},"type":"binary-expr","locations":[{"start":{"line":37,"column":6},"end":{"line":37,"column":14}},{"start":{"line":37,"column":18},"end":{"line":37,"column":35}}],"line":37},"2":{"loc":{"start":{"line":44,"column":8},"end":{"line":46,"column":55}},"type":"cond-expr","locations":[{"start":{"line":45,"column":12},"end":{"line":45,"column":60}},{"start":{"line":46,"column":12},"end":{"line":46,"column":55}}],"line":44},"3":{"loc":{"start":{"line":52,"column":9},"end":{"line":52,"column":61}},"type":"binary-expr","locations":[{"start":{"line":52,"column":9},"end":{"line":52,"column":26}},{"start":{"line":52,"column":30},"end":{"line":52,"column":61}}],"line":52},"4":{"loc":{"start":{"line":54,"column":11},"end":{"line":56,"column":67}},"type":"cond-expr","locations":[{"start":{"line":55,"column":14},"end":{"line":55,"column":37}},{"start":{"line":56,"column":14},"end":{"line":56,"column":67}}],"line":54}},"s":{"0":1,"1":4,"2":4,"3":4,"4":4,"5":0,"6":0,"7":0,"8":0,"9":4,"10":0,"11":0,"12":4,"13":4,"14":4,"15":4,"16":4,"17":4,"18":1,"19":3},"f":{"0":4,"1":4,"2":0,"3":0,"4":0,"5":4},"b":{"0":[1,3],"1":[4,1],"2":[0,3],"3":[3,3],"4":[0,3]},"_coverageSchema":"1a1c01bbd47fc00a2c39e90264f33305004495a9","hash":"909b6c28d28958e5300609e6874a5a53183813b7"}
,"/home/runner/work/tessa-ai/tessa-ai/src/components/SpeechApiCheck.jsx": {"path":"/home/runner/work/tessa-ai/tessa-ai/src/components/SpeechApiCheck.jsx","statementMap":{"0":{"start":{"line":9,"column":23},"end":{"line":96,"column":1}},"1":{"start":{"line":10,"column":31},"end":{"line":10,"column":93}},"2":{"start":{"line":11,"column":29},"end":{"line":11,"column":53}},"3":{"start":{"line":14,"column":2},"end":{"line":16,"column":3}},"4":{"start":{"line":15,"column":4},"end":{"line":15,"column":16}},"5":{"start":{"line":18,"column":29},"end":{"line":23,"column":3}},"6":{"start":{"line":19,"column":20},"end":{"line":19,"column":22}},"7":{"start":{"line":20,"column":4},"end":{"line":20,"column":66}},"8":{"start":{"line":20,"column":31},"end":{"line":20,"column":66}},"9":{"start":{"line":21,"column":4},"end":{"line":21,"column":62}},"10":{"start":{"line":21,"column":29},"end":{"line":21,"column":62}},"11":{"start":{"line":22,"column":4},"end":{"line":22,"column":19}},"12":{"start":{"line":25,"column":26},"end":{"line":25,"column":46}},"13":{"start":{"line":27,"column":2},"end":{"line":95,"column":4}},"14":{"start":{"line":82,"column":29},"end":{"line":82,"column":53}}},"fnMap":{"0":{"name":"(anonymous_0)","decl":{"start":{"line":9,"column":23},"end":{"line":9,"column":24}},"loc":{"start":{"line":9,"column":42},"end":{"line":96,"column":1}},"line":9},"1":{"name":"(anonymous_1)","decl":{"start":{"line":18,"column":29},"end":{"line":18,"column":30}},"loc":{"start":{"line":18,"column":35},"end":{"line":23,"column":3}},"line":18},"2":{"name":"(anonymous_2)","decl":{"start":{"line":82,"column":23},"end":{"line":82,"column":24}},"loc":{"start":{"line":82,"column":29},"end":{"line":82,"column":53}},"line":82}},"branchMap":{"0":{"loc":{"start":{"line":10,"column":34},"end":{"line":10,"column":92}},"type":"binary-expr","locations":[{"start":{"line":10,"column":34},"end":{"line":10,"column":58}},{"start":{"line":10,"column":62},"end":{"line":10,"column":92}}],"line":10},"1":{"loc":{"start":{"line":14,"column":2},"end":{"line":16,"column":3}},"type":"if","locations":[{"start":{"line":14,"column":2},"end":{"line":16,"column":3}},{"start":{},"end":{}}],"line":14},"2":{"loc":{"start":{"line":14,"column":6},"end":{"line":14,"column":48}},"type":"binary-expr","locations":[{"start":{"line":14,"column":6},"end":{"line":14,"column":26}},{"start":{"line":14,"column":30},"end":{"line":14,"column":48}}],"line":14},"3":{"loc":{"start":{"line":20,"column":4},"end":{"line":20,"column":66}},"type":"if","locations":[{"start":{"line":20,"column":4},"end":{"line":20,"column":66}},{"start":{},"end":{}}],"line":20},"4":{"loc":{"start":{"line":21,"column":4},"end":{"line":21,"column":62}},"type":"if","locations":[{"start":{"line":21,"column":4},"end":{"line":21,"column":62}},{"start":{},"end":{}}],"line":21},"5":{"loc":{"start":{"line":33,"column":13},"end":{"line":33,"column":81}},"type":"binary-expr","locations":[{"start":{"line":33,"column":13},"end":{"line":33,"column":34}},{"start":{"line":33,"column":38},"end":{"line":33,"column":81}}],"line":33},"6":{"loc":{"start":{"line":34,"column":13},"end":{"line":34,"column":83}},"type":"binary-expr","locations":[{"start":{"line":34,"column":13},"end":{"line":34,"column":32}},{"start":{"line":34,"column":36},"end":{"line":34,"column":83}}],"line":34},"7":{"loc":{"start":{"line":50,"column":15},"end":{"line":52,"column":15}},"type":"binary-expr","locations":[{"start":{"line":50,"column":15},"end":{"line":50,"column":36}},{"start":{"line":51,"column":16},"end":{"line":51,"column":81}}],"line":50},"8":{"loc":{"start":{"line":53,"column":15},"end":{"line":55,"column":15}},"type":"binary-expr","locations":[{"start":{"line":53,"column":15},"end":{"line":53,"column":34}},{"start":{"line":54,"column":16},"end":{"line":54,"column":69}}],"line":53},"9":{"loc":{"start":{"line":71,"column":13},"end":{"line":79,"column":13}},"type":"binary-expr","locations":[{"start":{"line":71,"column":13},"end":{"line":71,"column":22}},{"start":{"line":72,"column":14},"end":{"line":78,"column":23}}],"line":71}},"s":{"0":0,"1":0,"2":0,"3":0,"4":0,"5":0,"6":0,"7":0,"8":0,"9":0,"10":0,"11":0,"12":0,"13":0,"14":0},"f":{"0":0,"1":0,"2":0},"b":{"0":[0,0],"1":[0,0],"2":[0,0],"3":[0,0],"4":[0,0],"5":[0,0],"6":[0,0],"7":[0,0],"8":[0,0],"9":[0,0]}}
,"/home/runner/work/tessa-ai/tessa-ai/src/components/UserNotRegisteredError.jsx": {"path":"/home/runner/work/tessa-ai/tessa-ai/src/components/UserNotRegisteredError.jsx","statementMap":{"0":{"start":{"line":3,"column":31},"end":{"line":29,"column":1}},"1":{"start":{"line":4,"column":2},"end":{"line":28,"column":4}}},"fnMap":{"0":{"name":"(anonymous_0)","decl":{"start":{"line":3,"column":31},"end":{"line":3,"column":32}},"loc":{"start":{"line":3,"column":37},"end":{"line":29,"column":1}},"line":3}},"branchMap":{},"s":{"0":0,"1":0},"f":{"0":0},"b":{}}
,"/home/runner/work/tessa-ai/tessa-ai/src/components/tessa/HudCircle.jsx": {"path":"/home/runner/work/tessa-ai/tessa-ai/src/components/tessa/HudCircle.jsx","statementMap":{"0":{"start":{"line":3,"column":18},"end":{"line":75,"column":1}},"1":{"start":{"line":4,"column":22},"end":{"line":4,"column":105}},"2":{"start":{"line":6,"column":2},"end":{"line":74,"column":4}}},"fnMap":{"0":{"name":"(anonymous_0)","decl":{"start":{"line":3,"column":18},"end":{"line":3,"column":19}},"loc":{"start":{"line":3,"column":59},"end":{"line":75,"column":1}},"line":3}},"branchMap":{"0":{"loc":{"start":{"line":4,"column":22},"end":{"line":4,"column":105}},"type":"cond-expr","locations":[{"start":{"line":4,"column":36},"end":{"line":4,"column":54}},{"start":{"line":4,"column":57},"end":{"line":4,"column":105}}],"line":4},"1":{"loc":{"start":{"line":4,"column":57},"end":{"line":4,"column":105}},"type":"cond-expr","locations":[{"start":{"line":4,"column":70},"end":{"line":4,"column":85}},{"start":{"line":4,"column":88},"end":{"line":4,"column":105}}],"line":4},"2":{"loc":{"start":{"line":63,"column":30},"end":{"line":63,"column":63}},"type":"cond-expr","locations":[{"start":{"line":63,"column":43},"end":{"line":63,"column":58}},{"start":{"line":63,"column":61},"end":{"line":63,"column":63}}],"line":63}},"s":{"0":0,"1":0,"2":0},"f":{"0":0},"b":{"0":[0,0],"1":[0,0],"2":[0,0]}}
,"/home/runner/work/tessa-ai/tessa-ai/src/components/tessa/ParticleBackground.jsx": {"path":"/home/runner/work/tessa-ai/tessa-ai/src/components/tessa/ParticleBackground.jsx","statementMap":{"0":{"start":{"line":3,"column":27},"end":{"line":87,"column":1}},"1":{"start":{"line":4,"column":22},"end":{"line":4,"column":34}},"2":{"start":{"line":6,"column":4},"end":{"line":84,"column":11}},"3":{"start":{"line":7,"column":23},"end":{"line":7,"column":40}},"4":{"start":{"line":8,"column":20},"end":{"line":8,"column":43}},"5":{"start":{"line":11,"column":30},"end":{"line":14,"column":9}},"6":{"start":{"line":12,"column":12},"end":{"line":12,"column":45}},"7":{"start":{"line":13,"column":12},"end":{"line":13,"column":47}},"8":{"start":{"line":15,"column":8},"end":{"line":15,"column":24}},"9":{"start":{"line":19,"column":16},"end":{"line":19,"column":27}},"10":{"start":{"line":20,"column":16},"end":{"line":20,"column":27}},"11":{"start":{"line":21,"column":16},"end":{"line":21,"column":45}},"12":{"start":{"line":22,"column":16},"end":{"line":22,"column":45}},"13":{"start":{"line":23,"column":16},"end":{"line":23,"column":33}},"14":{"start":{"line":24,"column":16},"end":{"line":24,"column":35}},"15":{"start":{"line":27,"column":16},"end":{"line":27,"column":32}},"16":{"start":{"line":28,"column":16},"end":{"line":28,"column":74}},"17":{"start":{"line":29,"column":33},"end":{"line":29,"column":103}},"18":{"start":{"line":30,"column":16},"end":{"line":30,"column":68}},"19":{"start":{"line":31,"column":16},"end":{"line":31,"column":69}},"20":{"start":{"line":32,"column":16},"end":{"line":32,"column":41}},"21":{"start":{"line":33,"column":16},"end":{"line":33,"column":27}},"22":{"start":{"line":36,"column":16},"end":{"line":38,"column":17}},"23":{"start":{"line":37,"column":20},"end":{"line":37,"column":55}},"24":{"start":{"line":39,"column":16},"end":{"line":41,"column":17}},"25":{"start":{"line":40,"column":20},"end":{"line":40,"column":55}},"26":{"start":{"line":42,"column":16},"end":{"line":42,"column":42}},"27":{"start":{"line":43,"column":16},"end":{"line":43,"column":42}},"28":{"start":{"line":44,"column":16},"end":{"line":44,"column":28}},"29":{"start":{"line":49,"column":12},"end":{"line":49,"column":32}},"30":{"start":{"line":50,"column":36},"end":{"line":50,"column":73}},"31":{"start":{"line":51,"column":12},"end":{"line":59,"column":13}},"32":{"start":{"line":51,"column":25},"end":{"line":51,"column":26}},"33":{"start":{"line":52,"column":27},"end":{"line":52,"column":50}},"34":{"start":{"line":53,"column":25},"end":{"line":53,"column":90}},"35":{"start":{"line":54,"column":25},"end":{"line":54,"column":91}},"36":{"start":{"line":55,"column":33},"end":{"line":55,"column":58}},"37":{"start":{"line":56,"column":33},"end":{"line":56,"column":58}},"38":{"start":{"line":57,"column":28},"end":{"line":57,"column":37}},"39":{"start":{"line":58,"column":16},"end":{"line":58,"column":93}},"40":{"start":{"line":63,"column":12},"end":{"line":63,"column":43}},"41":{"start":{"line":64,"column":12},"end":{"line":64,"column":57}},"42":{"start":{"line":65,"column":12},"end":{"line":67,"column":13}},"43":{"start":{"line":65,"column":25},"end":{"line":65,"column":26}},"44":{"start":{"line":66,"column":16},"end":{"line":66,"column":43}},"45":{"start":{"line":70,"column":8},"end":{"line":70,"column":15}},"46":{"start":{"line":71,"column":8},"end":{"line":71,"column":18}},"47":{"start":{"line":73,"column":8},"end":{"line":76,"column":11}},"48":{"start":{"line":74,"column":12},"end":{"line":74,"column":28}},"49":{"start":{"line":75,"column":12},"end":{"line":75,"column":19}},"50":{"start":{"line":78,"column":8},"end":{"line":83,"column":9}},"51":{"start":{"line":79,"column":12},"end":{"line":82,"column":15}},"52":{"start":{"line":80,"column":16},"end":{"line":80,"column":32}},"53":{"start":{"line":81,"column":16},"end":{"line":81,"column":23}},"54":{"start":{"line":86,"column":4},"end":{"line":86,"column":96}}},"fnMap":{"0":{"name":"(anonymous_0)","decl":{"start":{"line":3,"column":27},"end":{"line":3,"column":28}},"loc":{"start":{"line":3,"column":33},"end":{"line":87,"column":1}},"line":3},"1":{"name":"(anonymous_1)","decl":{"start":{"line":6,"column":14},"end":{"line":6,"column":15}},"loc":{"start":{"line":6,"column":20},"end":{"line":84,"column":5}},"line":6},"2":{"name":"(anonymous_2)","decl":{"start":{"line":11,"column":30},"end":{"line":11,"column":31}},"loc":{"start":{"line":11,"column":36},"end":{"line":14,"column":9}},"line":11},"3":{"name":"(anonymous_3)","decl":{"start":{"line":18,"column":12},"end":{"line":18,"column":13}},"loc":{"start":{"line":18,"column":67},"end":{"line":25,"column":13}},"line":18},"4":{"name":"(anonymous_4)","decl":{"start":{"line":26,"column":12},"end":{"line":26,"column":13}},"loc":{"start":{"line":26,"column":19},"end":{"line":34,"column":13}},"line":26},"5":{"name":"(anonymous_5)","decl":{"start":{"line":35,"column":12},"end":{"line":35,"column":13}},"loc":{"start":{"line":35,"column":21},"end":{"line":45,"column":13}},"line":35},"6":{"name":"init","decl":{"start":{"line":48,"column":17},"end":{"line":48,"column":21}},"loc":{"start":{"line":48,"column":24},"end":{"line":60,"column":9}},"line":48},"7":{"name":"animate","decl":{"start":{"line":62,"column":17},"end":{"line":62,"column":24}},"loc":{"start":{"line":62,"column":27},"end":{"line":68,"column":9}},"line":62},"8":{"name":"(anonymous_8)","decl":{"start":{"line":73,"column":42},"end":{"line":73,"column":43}},"loc":{"start":{"line":73,"column":48},"end":{"line":76,"column":9}},"line":73},"9":{"name":"(anonymous_9)","decl":{"start":{"line":78,"column":15},"end":{"line":78,"column":16}},"loc":{"start":{"line":78,"column":21},"end":{"line":83,"column":9}},"line":78},"10":{"name":"(anonymous_10)","decl":{"start":{"line":79,"column":49},"end":{"line":79,"column":50}},"loc":{"start":{"line":79,"column":55},"end":{"line":82,"column":13}},"line":79}},"branchMap":{"0":{"loc":{"start":{"line":36,"column":16},"end":{"line":38,"column":17}},"type":"if","locations":[{"start":{"line":36,"column":16},"end":{"line":38,"column":17}},{"start":{},"end":{}}],"line":36},"1":{"loc":{"start":{"line":36,"column":20},"end":{"line":36,"column":55}},"type":"binary-expr","locations":[{"start":{"line":36,"column":20},"end":{"line":36,"column":41}},{"start":{"line":36,"column":45},"end":{"line":36,"column":55}}],"line":36},"2":{"loc":{"start":{"line":39,"column":16},"end":{"line":41,"column":17}},"type":"if","locations":[{"start":{"line":39,"column":16},"end":{"line":41,"column":17}},{"start":{},"end":{}}],"line":39},"3":{"loc":{"start":{"line":39,"column":20},"end":{"line":39,"column":56}},"type":"binary-expr","locations":[{"start":{"line":39,"column":20},"end":{"line":39,"column":42}},{"start":{"line":39,"column":46},"end":{"line":39,"column":56}}],"line":39}},"s":{"0":0,"1":0,"2":0,"3":0,"4":0,"5":0,"6":0,"7":0,"8":0,"9":0,"10":0,"11":0,"12":0,"13":0,"14":0,"15":0,"16":0,"17":0,"18":0,"19":0,"20":0,"21":0,"22":0,"23":0,"24":0,"25":0,"26":0,"27":0,"28":0,"29":0,"30":0,"31":0,"32":0,"33":0,"34":0,"35":0,"36":0,"37":0,"38":0,"39":0,"40":0,"41":0,"42":0,"43":0,"44":0,"45":0,"46":0,"47":0,"48":0,"49":0,"50":0,"51":0,"52":0,"53":0,"54":0},"f":{"0":0,"1":0,"2":0,"3":0,"4":0,"5":0,"6":0,"7":0,"8":0,"9":0,"10":0},"b":{"0":[0,0],"1":[0,0],"2":[0,0],"3":[0,0]}}
,"/home/runner/work/tessa-ai/tessa-ai/src/components/tessa/SettingsPanel.jsx": {"path":"/home/runner/work/tessa-ai/tessa-ai/src/components/tessa/SettingsPanel.jsx","statementMap":{"0":{"start":{"line":11,"column":22},"end":{"line":202,"column":1}},"1":{"start":{"line":12,"column":40},"end":{"line":22,"column":4}},"2":{"start":{"line":23,"column":48},"end":{"line":23,"column":60}},"3":{"start":{"line":24,"column":32},"end":{"line":24,"column":47}},"4":{"start":{"line":26,"column":2},"end":{"line":53,"column":9}},"5":{"start":{"line":27,"column":28},"end":{"line":36,"column":5}},"6":{"start":{"line":28,"column":6},"end":{"line":35,"column":7}},"7":{"start":{"line":29,"column":22},"end":{"line":29,"column":66}},"8":{"start":{"line":30,"column":8},"end":{"line":32,"column":9}},"9":{"start":{"line":31,"column":10},"end":{"line":31,"column":35}},"10":{"start":{"line":34,"column":8},"end":{"line":34,"column":59}},"11":{"start":{"line":38,"column":23},"end":{"line":42,"column":5}},"12":{"start":{"line":39,"column":20},"end":{"line":39,"column":42}},"13":{"start":{"line":40,"column":21},"end":{"line":40,"column":38}},"14":{"start":{"line":41,"column":6},"end":{"line":41,"column":70}},"15":{"start":{"line":41,"column":44},"end":{"line":41,"column":67}},"16":{"start":{"line":44,"column":4},"end":{"line":44,"column":22}},"17":{"start":{"line":45,"column":4},"end":{"line":45,"column":17}},"18":{"start":{"line":47,"column":18},"end":{"line":47,"column":40}},"19":{"start":{"line":48,"column":4},"end":{"line":48,"column":39}},"20":{"start":{"line":50,"column":4},"end":{"line":52,"column":6}},"21":{"start":{"line":51,"column":6},"end":{"line":51,"column":35}},"22":{"start":{"line":55,"column":21},"end":{"line":77,"column":3}},"23":{"start":{"line":56,"column":4},"end":{"line":56,"column":21}},"24":{"start":{"line":57,"column":4},"end":{"line":76,"column":5}},"25":{"start":{"line":58,"column":23},"end":{"line":58,"column":67}},"26":{"start":{"line":60,"column":6},"end":{"line":64,"column":7}},"27":{"start":{"line":61,"column":8},"end":{"line":61,"column":82}},"28":{"start":{"line":63,"column":8},"end":{"line":63,"column":66}},"29":{"start":{"line":66,"column":6},"end":{"line":66,"column":52}},"30":{"start":{"line":67,"column":6},"end":{"line":69,"column":7}},"31":{"start":{"line":68,"column":8},"end":{"line":68,"column":38}},"32":{"start":{"line":70,"column":6},"end":{"line":70,"column":16}},"33":{"start":{"line":72,"column":6},"end":{"line":72,"column":56}},"34":{"start":{"line":73,"column":6},"end":{"line":73,"column":45}},"35":{"start":{"line":75,"column":6},"end":{"line":75,"column":24}},"36":{"start":{"line":79,"column":2},"end":{"line":201,"column":4}},"37":{"start":{"line":98,"column":31},"end":{"line":98,"column":95}},"38":{"start":{"line":109,"column":31},"end":{"line":109,"column":89}},"39":{"start":{"line":119,"column":40},"end":{"line":122,"column":16}},"40":{"start":{"line":129,"column":18},"end":{"line":131,"column":31}},"41":{"start":{"line":141,"column":42},"end":{"line":144,"column":16}},"42":{"start":{"line":156,"column":42},"end":{"line":159,"column":16}},"43":{"start":{"line":171,"column":42},"end":{"line":174,"column":16}}},"fnMap":{"0":{"name":"(anonymous_0)","decl":{"start":{"line":11,"column":22},"end":{"line":11,"column":23}},"loc":{"start":{"line":11,"column":57},"end":{"line":202,"column":1}},"line":11},"1":{"name":"(anonymous_1)","decl":{"start":{"line":26,"column":12},"end":{"line":26,"column":13}},"loc":{"start":{"line":26,"column":18},"end":{"line":53,"column":3}},"line":26},"2":{"name":"(anonymous_2)","decl":{"start":{"line":27,"column":28},"end":{"line":27,"column":29}},"loc":{"start":{"line":27,"column":40},"end":{"line":36,"column":5}},"line":27},"3":{"name":"(anonymous_3)","decl":{"start":{"line":38,"column":23},"end":{"line":38,"column":24}},"loc":{"start":{"line":38,"column":29},"end":{"line":42,"column":5}},"line":38},"4":{"name":"(anonymous_4)","decl":{"start":{"line":41,"column":39},"end":{"line":41,"column":40}},"loc":{"start":{"line":41,"column":44},"end":{"line":41,"column":67}},"line":41},"5":{"name":"(anonymous_5)","decl":{"start":{"line":50,"column":11},"end":{"line":50,"column":12}},"loc":{"start":{"line":50,"column":17},"end":{"line":52,"column":5}},"line":50},"6":{"name":"(anonymous_6)","decl":{"start":{"line":55,"column":21},"end":{"line":55,"column":22}},"loc":{"start":{"line":55,"column":33},"end":{"line":77,"column":3}},"line":55},"7":{"name":"(anonymous_7)","decl":{"start":{"line":98,"column":24},"end":{"line":98,"column":25}},"loc":{"start":{"line":98,"column":31},"end":{"line":98,"column":95}},"line":98},"8":{"name":"(anonymous_8)","decl":{"start":{"line":109,"column":24},"end":{"line":109,"column":25}},"loc":{"start":{"line":109,"column":31},"end":{"line":109,"column":89}},"line":109},"9":{"name":"(anonymous_9)","decl":{"start":{"line":119,"column":29},"end":{"line":119,"column":30}},"loc":{"start":{"line":119,"column":40},"end":{"line":122,"column":16}},"line":119},"10":{"name":"(anonymous_10)","decl":{"start":{"line":128,"column":37},"end":{"line":128,"column":38}},"loc":{"start":{"line":129,"column":18},"end":{"line":131,"column":31}},"line":129},"11":{"name":"(anonymous_11)","decl":{"start":{"line":141,"column":29},"end":{"line":141,"column":30}},"loc":{"start":{"line":141,"column":42},"end":{"line":144,"column":16}},"line":141},"12":{"name":"(anonymous_12)","decl":{"start":{"line":156,"column":29},"end":{"line":156,"column":30}},"loc":{"start":{"line":156,"column":42},"end":{"line":159,"column":16}},"line":156},"13":{"name":"(anonymous_13)","decl":{"start":{"line":171,"column":29},"end":{"line":171,"column":30}},"loc":{"start":{"line":171,"column":42},"end":{"line":174,"column":16}},"line":171}},"branchMap":{"0":{"loc":{"start":{"line":30,"column":8},"end":{"line":32,"column":9}},"type":"if","locations":[{"start":{"line":30,"column":8},"end":{"line":32,"column":9}},{"start":{},"end":{}}],"line":30},"1":{"loc":{"start":{"line":30,"column":12},"end":{"line":30,"column":37}},"type":"binary-expr","locations":[{"start":{"line":30,"column":12},"end":{"line":30,"column":17}},{"start":{"line":30,"column":21},"end":{"line":30,"column":37}}],"line":30},"2":{"loc":{"start":{"line":60,"column":6},"end":{"line":64,"column":7}},"type":"if","locations":[{"start":{"line":60,"column":6},"end":{"line":64,"column":7}},{"start":{"line":62,"column":13},"end":{"line":64,"column":7}}],"line":60},"3":{"loc":{"start":{"line":60,"column":10},"end":{"line":60,"column":41}},"type":"binary-expr","locations":[{"start":{"line":60,"column":10},"end":{"line":60,"column":18}},{"start":{"line":60,"column":22},"end":{"line":60,"column":41}}],"line":60},"4":{"loc":{"start":{"line":67,"column":6},"end":{"line":69,"column":7}},"type":"if","locations":[{"start":{"line":67,"column":6},"end":{"line":69,"column":7}},{"start":{},"end":{}}],"line":67},"5":{"loc":{"start":{"line":140,"column":22},"end":{"line":140,"column":68}},"type":"binary-expr","locations":[{"start":{"line":140,"column":22},"end":{"line":140,"column":61}},{"start":{"line":140,"column":65},"end":{"line":140,"column":68}}],"line":140},"6":{"loc":{"start":{"line":155,"column":22},"end":{"line":155,"column":62}},"type":"binary-expr","locations":[{"start":{"line":155,"column":22},"end":{"line":155,"column":55}},{"start":{"line":155,"column":59},"end":{"line":155,"column":62}}],"line":155},"7":{"loc":{"start":{"line":170,"column":22},"end":{"line":170,"column":63}},"type":"binary-expr","locations":[{"start":{"line":170,"column":22},"end":{"line":170,"column":56}},{"start":{"line":170,"column":60},"end":{"line":170,"column":63}}],"line":170},"8":{"loc":{"start":{"line":196,"column":13},"end":{"line":196,"column":52}},"type":"cond-expr","locations":[{"start":{"line":196,"column":23},"end":{"line":196,"column":34}},{"start":{"line":196,"column":37},"end":{"line":196,"column":52}}],"line":196}},"s":{"0":0,"1":0,"2":0,"3":0,"4":0,"5":0,"6":0,"7":0,"8":0,"9":0,"10":0,"11":0,"12":0,"13":0,"14":0,"15":0,"16":0,"17":0,"18":0,"19":0,"20":0,"21":0,"22":0,"23":0,"24":0,"25":0,"26":0,"27":0,"28":0,"29":0,"30":0,"31":0,"32":0,"33":0,"34":0,"35":0,"36":0,"37":0,"38":0,"39":0,"40":0,"41":0,"42":0,"43":0},"f":{"0":0,"1":0,"2":0,"3":0,"4":0,"5":0,"6":0,"7":0,"8":0,"9":0,"10":0,"11":0,"12":0,"13":0},"b":{"0":[0,0],"1":[0,0],"2":[0,0],"3":[0,0],"4":[0,0],"5":[0,0],"6":[0,0],"7":[0,0],"8":[0,0]}}
,"/home/runner/work/tessa-ai/tessa-ai/src/components/tessa/TypingMessage.jsx": {"path":"/home/runner/work/tessa-ai/tessa-ai/src/components/tessa/TypingMessage.jsx","statementMap":{"0":{"start":{"line":3,"column":22},"end":{"line":26,"column":1}},"1":{"start":{"line":4,"column":44},"end":{"line":4,"column":56}},"2":{"start":{"line":6,"column":2},"end":{"line":23,"column":32}},"3":{"start":{"line":7,"column":4},"end":{"line":7,"column":25}},"4":{"start":{"line":8,"column":4},"end":{"line":22,"column":5}},"5":{"start":{"line":9,"column":14},"end":{"line":9,"column":15}},"6":{"start":{"line":10,"column":25},"end":{"line":19,"column":15}},"7":{"start":{"line":11,"column":8},"end":{"line":11,"column":51}},"8":{"start":{"line":12,"column":8},"end":{"line":12,"column":12}},"9":{"start":{"line":13,"column":8},"end":{"line":18,"column":9}},"10":{"start":{"line":14,"column":10},"end":{"line":14,"column":36}},"11":{"start":{"line":15,"column":10},"end":{"line":17,"column":11}},"12":{"start":{"line":16,"column":12},"end":{"line":16,"column":25}},"13":{"start":{"line":21,"column":6},"end":{"line":21,"column":45}},"14":{"start":{"line":21,"column":19},"end":{"line":21,"column":44}},"15":{"start":{"line":25,"column":2},"end":{"line":25,"column":30}}},"fnMap":{"0":{"name":"(anonymous_0)","decl":{"start":{"line":3,"column":22},"end":{"line":3,"column":23}},"loc":{"start":{"line":3,"column":60},"end":{"line":26,"column":1}},"line":3},"1":{"name":"(anonymous_1)","decl":{"start":{"line":6,"column":12},"end":{"line":6,"column":13}},"loc":{"start":{"line":6,"column":18},"end":{"line":23,"column":3}},"line":6},"2":{"name":"(anonymous_2)","decl":{"start":{"line":10,"column":37},"end":{"line":10,"column":38}},"loc":{"start":{"line":10,"column":43},"end":{"line":19,"column":7}},"line":10},"3":{"name":"(anonymous_3)","decl":{"start":{"line":21,"column":13},"end":{"line":21,"column":14}},"loc":{"start":{"line":21,"column":19},"end":{"line":21,"column":44}},"line":21}},"branchMap":{"0":{"loc":{"start":{"line":3,"column":31},"end":{"line":3,"column":41}},"type":"default-arg","locations":[{"start":{"line":3,"column":39},"end":{"line":3,"column":41}}],"line":3},"1":{"loc":{"start":{"line":8,"column":4},"end":{"line":22,"column":5}},"type":"if","locations":[{"start":{"line":8,"column":4},"end":{"line":22,"column":5}},{"start":{},"end":{}}],"line":8},"2":{"loc":{"start":{"line":13,"column":8},"end":{"line":18,"column":9}},"type":"if","locations":[{"start":{"line":13,"column":8},"end":{"line":18,"column":9}},{"start":{},"end":{}}],"line":13},"3":{"loc":{"start":{"line":15,"column":10},"end":{"line":17,"column":11}},"type":"if","locations":[{"start":{"line":15,"column":10},"end":{"line":17,"column":11}},{"start":{},"end":{}}],"line":15}},"s":{"0":0,"1":0,"2":0,"3":0,"4":0,"5":0,"6":0,"7":0,"8":0,"9":0,"10":0,"11":0,"12":0,"13":0,"14":0,"15":0},"f":{"0":0,"1":0,"2":0,"3":0},"b":{"0":[0],"1":[0,0],"2":[0,0],"3":[0,0]}}
,"/home/runner/work/tessa-ai/tessa-ai/src/components/ui/accordion.jsx": {"path":"/home/runner/work/tessa-ai/tessa-ai/src/components/ui/accordion.jsx","statementMap":{"0":{"start":{"line":7,"column":18},"end":{"line":7,"column":41}},"1":{"start":{"line":9,"column":22},"end":{"line":11,"column":2}},"2":{"start":{"line":10,"column":2},"end":{"line":10,"column":88}},"3":{"start":{"line":12,"column":0},"end":{"line":12,"column":43}},"4":{"start":{"line":14,"column":25},"end":{"line":28,"column":2}},"5":{"start":{"line":15,"column":2},"end":{"line":27,"column":30}},"6":{"start":{"line":29,"column":0},"end":{"line":29,"column":69}},"7":{"start":{"line":31,"column":25},"end":{"line":38,"column":2}},"8":{"start":{"line":32,"column":2},"end":{"line":37,"column":31}},"9":{"start":{"line":39,"column":0},"end":{"line":39,"column":69}}},"fnMap":{"0":{"name":"(anonymous_0)","decl":{"start":{"line":9,"column":39},"end":{"line":9,"column":40}},"loc":{"start":{"line":10,"column":2},"end":{"line":10,"column":88}},"line":10},"1":{"name":"(anonymous_1)","decl":{"start":{"line":14,"column":42},"end":{"line":14,"column":43}},"loc":{"start":{"line":15,"column":2},"end":{"line":27,"column":30}},"line":15},"2":{"name":"(anonymous_2)","decl":{"start":{"line":31,"column":42},"end":{"line":31,"column":43}},"loc":{"start":{"line":32,"column":2},"end":{"line":37,"column":31}},"line":32}},"branchMap":{},"s":{"0":0,"1":0,"2":0,"3":0,"4":0,"5":0,"6":0,"7":0,"8":0,"9":0},"f":{"0":0,"1":0,"2":0},"b":{}}
,"/home/runner/work/tessa-ai/tessa-ai/src/components/ui/alert-dialog.jsx": {"path":"/home/runner/work/tessa-ai/tessa-ai/src/components/ui/alert-dialog.jsx","statementMap":{"0":{"start":{"line":7,"column":20},"end":{"line":7,"column":45}},"1":{"start":{"line":9,"column":27},"end":{"line":9,"column":55}},"2":{"start":{"line":11,"column":26},"end":{"line":11,"column":53}},"3":{"start":{"line":13,"column":27},"end":{"line":21,"column":2}},"4":{"start":{"line":14,"column":2},"end":{"line":20,"column":16}},"5":{"start":{"line":22,"column":0},"end":{"line":22,"column":73}},"6":{"start":{"line":24,"column":27},"end":{"line":35,"column":2}},"7":{"start":{"line":25,"column":2},"end":{"line":34,"column":22}},"8":{"start":{"line":36,"column":0},"end":{"line":36,"column":73}},"9":{"start":{"line":38,"column":26},"end":{"line":45,"column":1}},"10":{"start":{"line":42,"column":2},"end":{"line":44,"column":17}},"11":{"start":{"line":46,"column":0},"end":{"line":46,"column":51}},"12":{"start":{"line":48,"column":26},"end":{"line":55,"column":1}},"13":{"start":{"line":52,"column":2},"end":{"line":54,"column":17}},"14":{"start":{"line":56,"column":0},"end":{"line":56,"column":51}},"15":{"start":{"line":58,"column":25},"end":{"line":60,"column":2}},"16":{"start":{"line":59,"column":2},"end":{"line":59,"column":104}},"17":{"start":{"line":61,"column":0},"end":{"line":61,"column":69}},"18":{"start":{"line":63,"column":31},"end":{"line":68,"column":2}},"19":{"start":{"line":64,"column":2},"end":{"line":67,"column":17}},"20":{"start":{"line":69,"column":0},"end":{"line":70,"column":46}},"21":{"start":{"line":72,"column":26},"end":{"line":74,"column":2}},"22":{"start":{"line":73,"column":2},"end":{"line":73,"column":98}},"23":{"start":{"line":75,"column":0},"end":{"line":75,"column":71}},"24":{"start":{"line":77,"column":26},"end":{"line":82,"column":2}},"25":{"start":{"line":78,"column":2},"end":{"line":81,"column":17}},"26":{"start":{"line":83,"column":0},"end":{"line":83,"column":71}}},"fnMap":{"0":{"name":"(anonymous_0)","decl":{"start":{"line":13,"column":44},"end":{"line":13,"column":45}},"loc":{"start":{"line":14,"column":2},"end":{"line":20,"column":16}},"line":14},"1":{"name":"(anonymous_1)","decl":{"start":{"line":24,"column":44},"end":{"line":24,"column":45}},"loc":{"start":{"line":25,"column":2},"end":{"line":34,"column":22}},"line":25},"2":{"name":"(anonymous_2)","decl":{"start":{"line":38,"column":26},"end":{"line":38,"column":27}},"loc":{"start":{"line":42,"column":2},"end":{"line":44,"column":17}},"line":42},"3":{"name":"(anonymous_3)","decl":{"start":{"line":48,"column":26},"end":{"line":48,"column":27}},"loc":{"start":{"line":52,"column":2},"end":{"line":54,"column":17}},"line":52},"4":{"name":"(anonymous_4)","decl":{"start":{"line":58,"column":42},"end":{"line":58,"column":43}},"loc":{"start":{"line":59,"column":2},"end":{"line":59,"column":104}},"line":59},"5":{"name":"(anonymous_5)","decl":{"start":{"line":63,"column":48},"end":{"line":63,"column":49}},"loc":{"start":{"line":64,"column":2},"end":{"line":67,"column":17}},"line":64},"6":{"name":"(anonymous_6)","decl":{"start":{"line":72,"column":43},"end":{"line":72,"column":44}},"loc":{"start":{"line":73,"column":2},"end":{"line":73,"column":98}},"line":73},"7":{"name":"(anonymous_7)","decl":{"start":{"line":77,"column":43},"end":{"line":77,"column":44}},"loc":{"start":{"line":78,"column":2},"end":{"line":81,"column":17}},"line":78}},"branchMap":{},"s":{"0":0,"1":0,"2":0,"3":0,"4":0,"5":0,"6":0,"7":0,"8":0,"9":0,"10":0,"11":0,"12":0,"13":0,"14":0,"15":0,"16":0,"17":0,"18":0,"19":0,"20":0,"21":0,"22":0,"23":0,"24":0,"25":0,"26":0},"f":{"0":0,"1":0,"2":0,"3":0,"4":0,"5":0,"6":0,"7":0},"b":{}}
,"/home/runner/work/tessa-ai/tessa-ai/src/components/ui/alert.jsx": {"path":"/home/runner/work/tessa-ai/tessa-ai/src/components/ui/alert.jsx","statementMap":{"0":{"start":{"line":6,"column":22},"end":{"line":20,"column":1}},"1":{"start":{"line":22,"column":14},"end":{"line":28,"column":2}},"2":{"start":{"line":23,"column":2},"end":{"line":27,"column":17}},"3":{"start":{"line":29,"column":0},"end":{"line":29,"column":27}},"4":{"start":{"line":31,"column":19},"end":{"line":36,"column":2}},"5":{"start":{"line":32,"column":2},"end":{"line":35,"column":17}},"6":{"start":{"line":37,"column":0},"end":{"line":37,"column":37}},"7":{"start":{"line":39,"column":25},"end":{"line":44,"column":2}},"8":{"start":{"line":40,"column":2},"end":{"line":43,"column":17}},"9":{"start":{"line":45,"column":0},"end":{"line":45,"column":49}}},"fnMap":{"0":{"name":"(anonymous_0)","decl":{"start":{"line":22,"column":31},"end":{"line":22,"column":32}},"loc":{"start":{"line":23,"column":2},"end":{"line":27,"column":17}},"line":23},"1":{"name":"(anonymous_1)","decl":{"start":{"line":31,"column":36},"end":{"line":31,"column":37}},"loc":{"start":{"line":32,"column":2},"end":{"line":35,"column":17}},"line":32},"2":{"name":"(anonymous_2)","decl":{"start":{"line":39,"column":42},"end":{"line":39,"column":43}},"loc":{"start":{"line":40,"column":2},"end":{"line":43,"column":17}},"line":40}},"branchMap":{},"s":{"0":0,"1":0,"2":0,"3":0,"4":0,"5":0,"6":0,"7":0,"8":0,"9":0},"f":{"0":0,"1":0,"2":0},"b":{}}
,"/home/runner/work/tessa-ai/tessa-ai/src/components/ui/aspect-ratio.jsx": {"path":"/home/runner/work/tessa-ai/tessa-ai/src/components/ui/aspect-ratio.jsx","statementMap":{"0":{"start":{"line":3,"column":20},"end":{"line":3,"column":45}}},"fnMap":{},"branchMap":{},"s":{"0":0},"f":{},"b":{}}
,"/home/runner/work/tessa-ai/tessa-ai/src/components/ui/avatar.jsx": {"path":"/home/runner/work/tessa-ai/tessa-ai/src/components/ui/avatar.jsx","statementMap":{"0":{"start":{"line":8,"column":15},"end":{"line":13,"column":2}},"1":{"start":{"line":9,"column":2},"end":{"line":12,"column":17}},"2":{"start":{"line":14,"column":0},"end":{"line":14,"column":53}},"3":{"start":{"line":16,"column":20},"end":{"line":21,"column":2}},"4":{"start":{"line":17,"column":2},"end":{"line":20,"column":17}},"5":{"start":{"line":22,"column":0},"end":{"line":22,"column":59}},"6":{"start":{"line":24,"column":23},"end":{"line":32,"column":2}},"7":{"start":{"line":25,"column":2},"end":{"line":31,"column":17}},"8":{"start":{"line":33,"column":0},"end":{"line":33,"column":65}}},"fnMap":{"0":{"name":"(anonymous_0)","decl":{"start":{"line":8,"column":32},"end":{"line":8,"column":33}},"loc":{"start":{"line":9,"column":2},"end":{"line":12,"column":17}},"line":9},"1":{"name":"(anonymous_1)","decl":{"start":{"line":16,"column":37},"end":{"line":16,"column":38}},"loc":{"start":{"line":17,"column":2},"end":{"line":20,"column":17}},"line":17},"2":{"name":"(anonymous_2)","decl":{"start":{"line":24,"column":40},"end":{"line":24,"column":41}},"loc":{"start":{"line":25,"column":2},"end":{"line":31,"column":17}},"line":25}},"branchMap":{},"s":{"0":0,"1":0,"2":0,"3":0,"4":0,"5":0,"6":0,"7":0,"8":0},"f":{"0":0,"1":0,"2":0},"b":{}}
,"/home/runner/work/tessa-ai/tessa-ai/src/components/ui/badge.jsx": {"path":"/home/runner/work/tessa-ai/tessa-ai/src/components/ui/badge.jsx","statementMap":{"0":{"start":{"line":6,"column":22},"end":{"line":24,"column":1}},"1":{"start":{"line":31,"column":2},"end":{"line":31,"column":84}}},"fnMap":{"0":{"name":"Badge","decl":{"start":{"line":26,"column":9},"end":{"line":26,"column":14}},"loc":{"start":{"line":30,"column":3},"end":{"line":32,"column":1}},"line":30}},"branchMap":{},"s":{"0":0,"1":0},"f":{"0":0},"b":{}}
,"/home/runner/work/tessa-ai/tessa-ai/src/components/ui/breadcrumb.jsx": {"path":"/home/runner/work/tessa-ai/tessa-ai/src/components/ui/breadcrumb.jsx","statementMap":{"0":{"start":{"line":7,"column":19},"end":{"line":9,"column":1}},"1":{"start":{"line":8,"column":25},"end":{"line":8,"column":77}},"2":{"start":{"line":10,"column":0},"end":{"line":10,"column":37}},"3":{"start":{"line":12,"column":23},"end":{"line":20,"column":2}},"4":{"start":{"line":13,"column":2},"end":{"line":19,"column":17}},"5":{"start":{"line":21,"column":0},"end":{"line":21,"column":45}},"6":{"start":{"line":23,"column":23},"end":{"line":28,"column":2}},"7":{"start":{"line":24,"column":2},"end":{"line":27,"column":17}},"8":{"start":{"line":29,"column":0},"end":{"line":29,"column":45}},"9":{"start":{"line":31,"column":23},"end":{"line":40,"column":2}},"10":{"start":{"line":32,"column":15},"end":{"line":32,"column":35}},"11":{"start":{"line":34,"column":2},"end":{"line":39,"column":4}},"12":{"start":{"line":41,"column":0},"end":{"line":41,"column":45}},"13":{"start":{"line":43,"column":23},"end":{"line":51,"column":2}},"14":{"start":{"line":44,"column":2},"end":{"line":50,"column":17}},"15":{"start":{"line":52,"column":0},"end":{"line":52,"column":45}},"16":{"start":{"line":54,"column":28},"end":{"line":66,"column":1}},"17":{"start":{"line":59,"column":2},"end":{"line":65,"column":7}},"18":{"start":{"line":67,"column":0},"end":{"line":67,"column":55}},"19":{"start":{"line":69,"column":27},"end":{"line":81,"column":1}},"20":{"start":{"line":73,"column":2},"end":{"line":80,"column":9}},"21":{"start":{"line":82,"column":0},"end":{"line":82,"column":53}}},"fnMap":{"0":{"name":"(anonymous_0)","decl":{"start":{"line":8,"column":2},"end":{"line":8,"column":3}},"loc":{"start":{"line":8,"column":25},"end":{"line":8,"column":77}},"line":8},"1":{"name":"(anonymous_1)","decl":{"start":{"line":12,"column":40},"end":{"line":12,"column":41}},"loc":{"start":{"line":13,"column":2},"end":{"line":19,"column":17}},"line":13},"2":{"name":"(anonymous_2)","decl":{"start":{"line":23,"column":40},"end":{"line":23,"column":41}},"loc":{"start":{"line":24,"column":2},"end":{"line":27,"column":17}},"line":24},"3":{"name":"(anonymous_3)","decl":{"start":{"line":31,"column":40},"end":{"line":31,"column":41}},"loc":{"start":{"line":31,"column":83},"end":{"line":40,"column":1}},"line":31},"4":{"name":"(anonymous_4)","decl":{"start":{"line":43,"column":40},"end":{"line":43,"column":41}},"loc":{"start":{"line":44,"column":2},"end":{"line":50,"column":17}},"line":44},"5":{"name":"(anonymous_5)","decl":{"start":{"line":54,"column":28},"end":{"line":54,"column":29}},"loc":{"start":{"line":59,"column":2},"end":{"line":65,"column":7}},"line":59},"6":{"name":"(anonymous_6)","decl":{"start":{"line":69,"column":27},"end":{"line":69,"column":28}},"loc":{"start":{"line":73,"column":2},"end":{"line":80,"column":9}},"line":73}},"branchMap":{"0":{"loc":{"start":{"line":32,"column":15},"end":{"line":32,"column":35}},"type":"cond-expr","locations":[{"start":{"line":32,"column":25},"end":{"line":32,"column":29}},{"start":{"line":32,"column":32},"end":{"line":32,"column":35}}],"line":32},"1":{"loc":{"start":{"line":64,"column":5},"end":{"line":64,"column":33}},"type":"binary-expr","locations":[{"start":{"line":64,"column":5},"end":{"line":64,"column":13}},{"start":{"line":64,"column":17},"end":{"line":64,"column":33}}],"line":64}},"s":{"0":0,"1":0,"2":0,"3":0,"4":0,"5":0,"6":0,"7":0,"8":0,"9":0,"10":0,"11":0,"12":0,"13":0,"14":0,"15":0,"16":0,"17":0,"18":0,"19":0,"20":0,"21":0},"f":{"0":0,"1":0,"2":0,"3":0,"4":0,"5":0,"6":0},"b":{"0":[0,0],"1":[0,0]}}
,"/home/runner/work/tessa-ai/tessa-ai/src/components/ui/button.jsx": {"path":"/home/runner/work/tessa-ai/tessa-ai/src/components/ui/button.jsx","statementMap":{"0":{"start":{"line":7,"column":23},"end":{"line":35,"column":1}},"1":{"start":{"line":37,"column":15},"end":{"line":45,"column":2}},"2":{"start":{"line":38,"column":15},"end":{"line":38,"column":40}},"3":{"start":{"line":39,"column":2},"end":{"line":44,"column":4}},"4":{"start":{"line":46,"column":0},"end":{"line":46,"column":29}}},"fnMap":{"0":{"name":"(anonymous_0)","decl":{"start":{"line":37,"column":32},"end":{"line":37,"column":33}},"loc":{"start":{"line":37,"column":98},"end":{"line":45,"column":1}},"line":37}},"branchMap":{"0":{"loc":{"start":{"line":37,"column":61},"end":{"line":37,"column":76}},"type":"default-arg","locations":[{"start":{"line":37,"column":71},"end":{"line":37,"column":76}}],"line":37},"1":{"loc":{"start":{"line":38,"column":15},"end":{"line":38,"column":40}},"type":"cond-expr","locations":[{"start":{"line":38,"column":25},"end":{"line":38,"column":29}},{"start":{"line":38,"column":32},"end":{"line":38,"column":40}}],"line":38}},"s":{"0":0,"1":0,"2":0,"3":0,"4":0},"f":{"0":0},"b":{"0":[0],"1":[0,0]}}
,"/home/runner/work/tessa-ai/tessa-ai/src/components/ui/calendar.jsx": {"path":"/home/runner/work/tessa-ai/tessa-ai/src/components/ui/calendar.jsx","statementMap":{"0":{"start":{"line":14,"column":2},"end":{"line":67,"column":4}},"1":{"start":{"line":60,"column":10},"end":{"line":60,"column":73}},"2":{"start":{"line":63,"column":10},"end":{"line":63,"column":74}},"3":{"start":{"line":69,"column":0},"end":{"line":69,"column":33}}},"fnMap":{"0":{"name":"Calendar","decl":{"start":{"line":8,"column":9},"end":{"line":8,"column":17}},"loc":{"start":{"line":13,"column":3},"end":{"line":68,"column":1}},"line":13},"1":{"name":"(anonymous_1)","decl":{"start":{"line":59,"column":18},"end":{"line":59,"column":19}},"loc":{"start":{"line":60,"column":10},"end":{"line":60,"column":73}},"line":60},"2":{"name":"(anonymous_2)","decl":{"start":{"line":62,"column":19},"end":{"line":62,"column":20}},"loc":{"start":{"line":63,"column":10},"end":{"line":63,"column":74}},"line":63}},"branchMap":{"0":{"loc":{"start":{"line":11,"column":2},"end":{"line":11,"column":24}},"type":"default-arg","locations":[{"start":{"line":11,"column":20},"end":{"line":11,"column":24}}],"line":11},"1":{"loc":{"start":{"line":37,"column":10},"end":{"line":39,"column":51}},"type":"cond-expr","locations":[{"start":{"line":38,"column":14},"end":{"line":38,"column":180}},{"start":{"line":39,"column":14},"end":{"line":39,"column":51}}],"line":37}},"s":{"0":0,"1":0,"2":0,"3":0},"f":{"0":0,"1":0,"2":0},"b":{"0":[0],"1":[0,0]}}
,"/home/runner/work/tessa-ai/tessa-ai/src/components/ui/card.jsx": {"path":"/home/runner/work/tessa-ai/tessa-ai/src/components/ui/card.jsx","statementMap":{"0":{"start":{"line":5,"column":13},"end":{"line":10,"column":2}},"1":{"start":{"line":6,"column":2},"end":{"line":9,"column":17}},"2":{"start":{"line":11,"column":0},"end":{"line":11,"column":25}},"3":{"start":{"line":13,"column":19},"end":{"line":18,"column":2}},"4":{"start":{"line":14,"column":2},"end":{"line":17,"column":17}},"5":{"start":{"line":19,"column":0},"end":{"line":19,"column":37}},"6":{"start":{"line":21,"column":18},"end":{"line":26,"column":2}},"7":{"start":{"line":22,"column":2},"end":{"line":25,"column":17}},"8":{"start":{"line":27,"column":0},"end":{"line":27,"column":35}},"9":{"start":{"line":29,"column":24},"end":{"line":34,"column":2}},"10":{"start":{"line":30,"column":2},"end":{"line":33,"column":17}},"11":{"start":{"line":35,"column":0},"end":{"line":35,"column":47}},"12":{"start":{"line":37,"column":20},"end":{"line":39,"column":2}},"13":{"start":{"line":38,"column":2},"end":{"line":38,"column":68}},"14":{"start":{"line":40,"column":0},"end":{"line":40,"column":39}},"15":{"start":{"line":42,"column":19},"end":{"line":47,"column":2}},"16":{"start":{"line":43,"column":2},"end":{"line":46,"column":17}},"17":{"start":{"line":48,"column":0},"end":{"line":48,"column":37}}},"fnMap":{"0":{"name":"(anonymous_0)","decl":{"start":{"line":5,"column":30},"end":{"line":5,"column":31}},"loc":{"start":{"line":6,"column":2},"end":{"line":9,"column":17}},"line":6},"1":{"name":"(anonymous_1)","decl":{"start":{"line":13,"column":36},"end":{"line":13,"column":37}},"loc":{"start":{"line":14,"column":2},"end":{"line":17,"column":17}},"line":14},"2":{"name":"(anonymous_2)","decl":{"start":{"line":21,"column":35},"end":{"line":21,"column":36}},"loc":{"start":{"line":22,"column":2},"end":{"line":25,"column":17}},"line":22},"3":{"name":"(anonymous_3)","decl":{"start":{"line":29,"column":41},"end":{"line":29,"column":42}},"loc":{"start":{"line":30,"column":2},"end":{"line":33,"column":17}},"line":30},"4":{"name":"(anonymous_4)","decl":{"start":{"line":37,"column":37},"end":{"line":37,"column":38}},"loc":{"start":{"line":38,"column":2},"end":{"line":38,"column":68}},"line":38},"5":{"name":"(anonymous_5)","decl":{"start":{"line":42,"column":36},"end":{"line":42,"column":37}},"loc":{"start":{"line":43,"column":2},"end":{"line":46,"column":17}},"line":43}},"branchMap":{},"s":{"0":0,"1":0,"2":0,"3":0,"4":0,"5":0,"6":0,"7":0,"8":0,"9":0,"10":0,"11":0,"12":0,"13":0,"14":0,"15":0,"16":0,"17":0},"f":{"0":0,"1":0,"2":0,"3":0,"4":0,"5":0},"b":{}}
,"/home/runner/work/tessa-ai/tessa-ai/src/components/ui/carousel.jsx": {"path":"/home/runner/work/tessa-ai/tessa-ai/src/components/ui/carousel.jsx","statementMap":{"0":{"start":{"line":8,"column":24},"end":{"line":8,"column":49}},"1":{"start":{"line":11,"column":18},"end":{"line":11,"column":51}},"2":{"start":{"line":13,"column":2},"end":{"line":15,"column":3}},"3":{"start":{"line":14,"column":4},"end":{"line":14,"column":69}},"4":{"start":{"line":17,"column":2},"end":{"line":17,"column":16}},"5":{"start":{"line":20,"column":17},"end":{"line":112,"column":2}},"6":{"start":{"line":32,"column":29},"end":{"line":35,"column":13}},"7":{"start":{"line":36,"column":44},"end":{"line":36,"column":65}},"8":{"start":{"line":37,"column":44},"end":{"line":37,"column":65}},"9":{"start":{"line":39,"column":19},"end":{"line":46,"column":8}},"10":{"start":{"line":40,"column":4},"end":{"line":42,"column":5}},"11":{"start":{"line":41,"column":6},"end":{"line":41,"column":12}},"12":{"start":{"line":44,"column":4},"end":{"line":44,"column":41}},"13":{"start":{"line":45,"column":4},"end":{"line":45,"column":41}},"14":{"start":{"line":48,"column":21},"end":{"line":50,"column":11}},"15":{"start":{"line":49,"column":4},"end":{"line":49,"column":21}},"16":{"start":{"line":52,"column":21},"end":{"line":54,"column":11}},"17":{"start":{"line":53,"column":4},"end":{"line":53,"column":21}},"18":{"start":{"line":56,"column":24},"end":{"line":64,"column":30}},"19":{"start":{"line":57,"column":4},"end":{"line":63,"column":5}},"20":{"start":{"line":58,"column":6},"end":{"line":58,"column":28}},"21":{"start":{"line":59,"column":6},"end":{"line":59,"column":18}},"22":{"start":{"line":60,"column":11},"end":{"line":63,"column":5}},"23":{"start":{"line":61,"column":6},"end":{"line":61,"column":28}},"24":{"start":{"line":62,"column":6},"end":{"line":62,"column":18}},"25":{"start":{"line":66,"column":2},"end":{"line":72,"column":19}},"26":{"start":{"line":67,"column":4},"end":{"line":69,"column":5}},"27":{"start":{"line":68,"column":6},"end":{"line":68,"column":12}},"28":{"start":{"line":71,"column":4},"end":{"line":71,"column":15}},"29":{"start":{"line":74,"column":2},"end":{"line":86,"column":21}},"30":{"start":{"line":75,"column":4},"end":{"line":77,"column":5}},"31":{"start":{"line":76,"column":6},"end":{"line":76,"column":12}},"32":{"start":{"line":79,"column":4},"end":{"line":79,"column":17}},"33":{"start":{"line":80,"column":4},"end":{"line":80,"column":30}},"34":{"start":{"line":81,"column":4},"end":{"line":81,"column":30}},"35":{"start":{"line":83,"column":4},"end":{"line":85,"column":6}},"36":{"start":{"line":84,"column":6},"end":{"line":84,"column":34}},"37":{"start":{"line":88,"column":2},"end":{"line":111,"column":4}},"38":{"start":{"line":113,"column":0},"end":{"line":113,"column":33}},"39":{"start":{"line":115,"column":24},"end":{"line":130,"column":2}},"40":{"start":{"line":116,"column":39},"end":{"line":116,"column":52}},"41":{"start":{"line":118,"column":2},"end":{"line":129,"column":4}},"42":{"start":{"line":131,"column":0},"end":{"line":131,"column":47}},"43":{"start":{"line":133,"column":21},"end":{"line":148,"column":2}},"44":{"start":{"line":134,"column":26},"end":{"line":134,"column":39}},"45":{"start":{"line":136,"column":2},"end":{"line":147,"column":4}},"46":{"start":{"line":149,"column":0},"end":{"line":149,"column":41}},"47":{"start":{"line":151,"column":25},"end":{"line":169,"column":2}},"48":{"start":{"line":152,"column":53},"end":{"line":152,"column":66}},"49":{"start":{"line":154,"column":2},"end":{"line":168,"column":4}},"50":{"start":{"line":170,"column":0},"end":{"line":170,"column":49}},"51":{"start":{"line":172,"column":21},"end":{"line":190,"column":2}},"52":{"start":{"line":173,"column":53},"end":{"line":173,"column":66}},"53":{"start":{"line":175,"column":2},"end":{"line":189,"column":4}},"54":{"start":{"line":191,"column":0},"end":{"line":191,"column":41}}},"fnMap":{"0":{"name":"useCarousel","decl":{"start":{"line":10,"column":9},"end":{"line":10,"column":20}},"loc":{"start":{"line":10,"column":23},"end":{"line":18,"column":1}},"line":10},"1":{"name":"(anonymous_1)","decl":{"start":{"line":20,"column":34},"end":{"line":20,"column":35}},"loc":{"start":{"line":31,"column":5},"end":{"line":112,"column":1}},"line":31},"2":{"name":"(anonymous_2)","decl":{"start":{"line":39,"column":37},"end":{"line":39,"column":38}},"loc":{"start":{"line":39,"column":46},"end":{"line":46,"column":3}},"line":39},"3":{"name":"(anonymous_3)","decl":{"start":{"line":48,"column":39},"end":{"line":48,"column":40}},"loc":{"start":{"line":48,"column":45},"end":{"line":50,"column":3}},"line":48},"4":{"name":"(anonymous_4)","decl":{"start":{"line":52,"column":39},"end":{"line":52,"column":40}},"loc":{"start":{"line":52,"column":45},"end":{"line":54,"column":3}},"line":52},"5":{"name":"(anonymous_5)","decl":{"start":{"line":56,"column":42},"end":{"line":56,"column":43}},"loc":{"start":{"line":56,"column":53},"end":{"line":64,"column":3}},"line":56},"6":{"name":"(anonymous_6)","decl":{"start":{"line":66,"column":18},"end":{"line":66,"column":19}},"loc":{"start":{"line":66,"column":24},"end":{"line":72,"column":3}},"line":66},"7":{"name":"(anonymous_7)","decl":{"start":{"line":74,"column":18},"end":{"line":74,"column":19}},"loc":{"start":{"line":74,"column":24},"end":{"line":86,"column":3}},"line":74},"8":{"name":"(anonymous_8)","decl":{"start":{"line":83,"column":11},"end":{"line":83,"column":12}},"loc":{"start":{"line":83,"column":17},"end":{"line":85,"column":5}},"line":83},"9":{"name":"(anonymous_9)","decl":{"start":{"line":115,"column":41},"end":{"line":115,"column":42}},"loc":{"start":{"line":115,"column":75},"end":{"line":130,"column":1}},"line":115},"10":{"name":"(anonymous_10)","decl":{"start":{"line":133,"column":38},"end":{"line":133,"column":39}},"loc":{"start":{"line":133,"column":72},"end":{"line":148,"column":1}},"line":133},"11":{"name":"(anonymous_11)","decl":{"start":{"line":151,"column":42},"end":{"line":151,"column":43}},"loc":{"start":{"line":151,"column":112},"end":{"line":169,"column":1}},"line":151},"12":{"name":"(anonymous_12)","decl":{"start":{"line":172,"column":38},"end":{"line":172,"column":39}},"loc":{"start":{"line":172,"column":108},"end":{"line":190,"column":1}},"line":172}},"branchMap":{"0":{"loc":{"start":{"line":13,"column":2},"end":{"line":15,"column":3}},"type":"if","locations":[{"start":{"line":13,"column":2},"end":{"line":15,"column":3}},{"start":{},"end":{}}],"line":13},"1":{"loc":{"start":{"line":22,"column":4},"end":{"line":22,"column":30}},"type":"default-arg","locations":[{"start":{"line":22,"column":18},"end":{"line":22,"column":30}}],"line":22},"2":{"loc":{"start":{"line":34,"column":10},"end":{"line":34,"column":50}},"type":"cond-expr","locations":[{"start":{"line":34,"column":41},"end":{"line":34,"column":44}},{"start":{"line":34,"column":47},"end":{"line":34,"column":50}}],"line":34},"3":{"loc":{"start":{"line":40,"column":4},"end":{"line":42,"column":5}},"type":"if","locations":[{"start":{"line":40,"column":4},"end":{"line":42,"column":5}},{"start":{},"end":{}}],"line":40},"4":{"loc":{"start":{"line":57,"column":4},"end":{"line":63,"column":5}},"type":"if","locations":[{"start":{"line":57,"column":4},"end":{"line":63,"column":5}},{"start":{"line":60,"column":11},"end":{"line":63,"column":5}}],"line":57},"5":{"loc":{"start":{"line":60,"column":11},"end":{"line":63,"column":5}},"type":"if","locations":[{"start":{"line":60,"column":11},"end":{"line":63,"column":5}},{"start":{},"end":{}}],"line":60},"6":{"loc":{"start":{"line":67,"column":4},"end":{"line":69,"column":5}},"type":"if","locations":[{"start":{"line":67,"column":4},"end":{"line":69,"column":5}},{"start":{},"end":{}}],"line":67},"7":{"loc":{"start":{"line":67,"column":8},"end":{"line":67,"column":23}},"type":"binary-expr","locations":[{"start":{"line":67,"column":8},"end":{"line":67,"column":12}},{"start":{"line":67,"column":16},"end":{"line":67,"column":23}}],"line":67},"8":{"loc":{"start":{"line":75,"column":4},"end":{"line":77,"column":5}},"type":"if","locations":[{"start":{"line":75,"column":4},"end":{"line":77,"column":5}},{"start":{},"end":{}}],"line":75},"9":{"loc":{"start":{"line":95,"column":10},"end":{"line":95,"column":73}},"type":"binary-expr","locations":[{"start":{"line":95,"column":10},"end":{"line":95,"column":21}},{"start":{"line":95,"column":26},"end":{"line":95,"column":72}}],"line":95},"10":{"loc":{"start":{"line":95,"column":26},"end":{"line":95,"column":72}},"type":"cond-expr","locations":[{"start":{"line":95,"column":47},"end":{"line":95,"column":57}},{"start":{"line":95,"column":60},"end":{"line":95,"column":72}}],"line":95},"11":{"loc":{"start":{"line":124,"column":10},"end":{"line":124,"column":67}},"type":"cond-expr","locations":[{"start":{"line":124,"column":41},"end":{"line":124,"column":48}},{"start":{"line":124,"column":51},"end":{"line":124,"column":67}}],"line":124},"12":{"loc":{"start":{"line":143,"column":8},"end":{"line":143,"column":54}},"type":"cond-expr","locations":[{"start":{"line":143,"column":39},"end":{"line":143,"column":45}},{"start":{"line":143,"column":48},"end":{"line":143,"column":54}}],"line":143},"13":{"loc":{"start":{"line":151,"column":56},"end":{"line":151,"column":75}},"type":"default-arg","locations":[{"start":{"line":151,"column":66},"end":{"line":151,"column":75}}],"line":151},"14":{"loc":{"start":{"line":151,"column":77},"end":{"line":151,"column":90}},"type":"default-arg","locations":[{"start":{"line":151,"column":84},"end":{"line":151,"column":90}}],"line":151},"15":{"loc":{"start":{"line":159,"column":54},"end":{"line":161,"column":55}},"type":"cond-expr","locations":[{"start":{"line":160,"column":10},"end":{"line":160,"column":45}},{"start":{"line":161,"column":10},"end":{"line":161,"column":55}}],"line":159},"16":{"loc":{"start":{"line":172,"column":52},"end":{"line":172,"column":71}},"type":"default-arg","locations":[{"start":{"line":172,"column":62},"end":{"line":172,"column":71}}],"line":172},"17":{"loc":{"start":{"line":172,"column":73},"end":{"line":172,"column":86}},"type":"default-arg","locations":[{"start":{"line":172,"column":80},"end":{"line":172,"column":86}}],"line":172},"18":{"loc":{"start":{"line":180,"column":53},"end":{"line":182,"column":58}},"type":"cond-expr","locations":[{"start":{"line":181,"column":10},"end":{"line":181,"column":46}},{"start":{"line":182,"column":10},"end":{"line":182,"column":58}}],"line":180}},"s":{"0":0,"1":0,"2":0,"3":0,"4":0,"5":0,"6":0,"7":0,"8":0,"9":0,"10":0,"11":0,"12":0,"13":0,"14":0,"15":0,"16":0,"17":0,"18":0,"19":0,"20":0,"21":0,"22":0,"23":0,"24":0,"25":0,"26":0,"27":0,"28":0,"29":0,"30":0,"31":0,"32":0,"33":0,"34":0,"35":0,"36":0,"37":0,"38":0,"39":0,"40":0,"41":0,"42":0,"43":0,"44":0,"45":0,"46":0,"47":0,"48":0,"49":0,"50":0,"51":0,"52":0,"53":0,"54":0},"f":{"0":0,"1":0,"2":0,"3":0,"4":0,"5":0,"6":0,"7":0,"8":0,"9":0,"10":0,"11":0,"12":0},"b":{"0":[0,0],"1":[0],"2":[0,0],"3":[0,0],"4":[0,0],"5":[0,0],"6":[0,0],"7":[0,0],"8":[0,0],"9":[0,0],"10":[0,0],"11":[0,0],"12":[0,0],"13":[0],"14":[0],"15":[0,0],"16":[0],"17":[0],"18":[0,0]}}
,"/home/runner/work/tessa-ai/tessa-ai/src/components/ui/chart.jsx": {"path":"/home/runner/work/tessa-ai/tessa-ai/src/components/ui/chart.jsx","statementMap":{"0":{"start":{"line":8,"column":15},"end":{"line":11,"column":1}},"1":{"start":{"line":13,"column":21},"end":{"line":13,"column":46}},"2":{"start":{"line":16,"column":18},"end":{"line":16,"column":48}},"3":{"start":{"line":18,"column":2},"end":{"line":20,"column":3}},"4":{"start":{"line":19,"column":4},"end":{"line":19,"column":72}},"5":{"start":{"line":22,"column":2},"end":{"line":22,"column":16}},"6":{"start":{"line":25,"column":23},"end":{"line":46,"column":2}},"7":{"start":{"line":26,"column":19},"end":{"line":26,"column":32}},"8":{"start":{"line":27,"column":18},"end":{"line":27,"column":61}},"9":{"start":{"line":29,"column":2},"end":{"line":45,"column":4}},"10":{"start":{"line":47,"column":0},"end":{"line":47,"column":36}},"11":{"start":{"line":49,"column":19},"end":{"line":78,"column":1}},"12":{"start":{"line":53,"column":22},"end":{"line":53,"column":97}},"13":{"start":{"line":53,"column":68},"end":{"line":53,"column":96}},"14":{"start":{"line":55,"column":2},"end":{"line":57,"column":3}},"15":{"start":{"line":56,"column":4},"end":{"line":56,"column":15}},"16":{"start":{"line":59,"column":2},"end":{"line":77,"column":4}},"17":{"start":{"line":63,"column":36},"end":{"line":74,"column":1}},"18":{"start":{"line":68,"column":2},"end":{"line":69,"column":18}},"19":{"start":{"line":70,"column":0},"end":{"line":70,"column":51}},"20":{"start":{"line":80,"column":21},"end":{"line":80,"column":46}},"21":{"start":{"line":82,"column":28},"end":{"line":214,"column":2}},"22":{"start":{"line":100,"column":21},"end":{"line":100,"column":31}},"23":{"start":{"line":102,"column":23},"end":{"line":136,"column":4}},"24":{"start":{"line":103,"column":4},"end":{"line":105,"column":5}},"25":{"start":{"line":104,"column":6},"end":{"line":104,"column":17}},"26":{"start":{"line":107,"column":19},"end":{"line":107,"column":26}},"27":{"start":{"line":108,"column":16},"end":{"line":108,"column":69}},"28":{"start":{"line":109,"column":23},"end":{"line":109,"column":69}},"29":{"start":{"line":111,"column":6},"end":{"line":113,"column":27}},"30":{"start":{"line":115,"column":4},"end":{"line":121,"column":5}},"31":{"start":{"line":116,"column":6},"end":{"line":120,"column":8}},"32":{"start":{"line":123,"column":4},"end":{"line":125,"column":5}},"33":{"start":{"line":124,"column":6},"end":{"line":124,"column":17}},"34":{"start":{"line":127,"column":4},"end":{"line":127,"column":76}},"35":{"start":{"line":138,"column":2},"end":{"line":140,"column":3}},"36":{"start":{"line":139,"column":4},"end":{"line":139,"column":15}},"37":{"start":{"line":142,"column":20},"end":{"line":142,"column":63}},"38":{"start":{"line":144,"column":2},"end":{"line":213,"column":4}},"39":{"start":{"line":154,"column":22},"end":{"line":154,"column":74}},"40":{"start":{"line":155,"column":29},"end":{"line":155,"column":75}},"41":{"start":{"line":156,"column":33},"end":{"line":156,"column":73}},"42":{"start":{"line":158,"column":10},"end":{"line":209,"column":12}},"43":{"start":{"line":215,"column":0},"end":{"line":215,"column":48}},"44":{"start":{"line":217,"column":20},"end":{"line":217,"column":44}},"45":{"start":{"line":219,"column":27},"end":{"line":262,"column":2}},"46":{"start":{"line":223,"column":21},"end":{"line":223,"column":31}},"47":{"start":{"line":225,"column":2},"end":{"line":227,"column":3}},"48":{"start":{"line":226,"column":4},"end":{"line":226,"column":15}},"49":{"start":{"line":229,"column":2},"end":{"line":261,"column":4}},"50":{"start":{"line":238,"column":20},"end":{"line":238,"column":59}},"51":{"start":{"line":239,"column":27},"end":{"line":239,"column":73}},"52":{"start":{"line":241,"column":8},"end":{"line":258,"column":10}},"53":{"start":{"line":263,"column":0},"end":{"line":263,"column":46}},"54":{"start":{"line":271,"column":2},"end":{"line":273,"column":3}},"55":{"start":{"line":272,"column":4},"end":{"line":272,"column":20}},"56":{"start":{"line":276,"column":4},"end":{"line":280,"column":17}},"57":{"start":{"line":282,"column":23},"end":{"line":282,"column":26}},"58":{"start":{"line":284,"column":2},"end":{"line":295,"column":3}},"59":{"start":{"line":288,"column":4},"end":{"line":288,"column":33}},"60":{"start":{"line":289,"column":9},"end":{"line":295,"column":3}},"61":{"start":{"line":294,"column":4},"end":{"line":294,"column":40}},"62":{"start":{"line":297,"column":2},"end":{"line":299,"column":18}}},"fnMap":{"0":{"name":"useChart","decl":{"start":{"line":15,"column":9},"end":{"line":15,"column":17}},"loc":{"start":{"line":15,"column":20},"end":{"line":23,"column":1}},"line":15},"1":{"name":"(anonymous_1)","decl":{"start":{"line":25,"column":40},"end":{"line":25,"column":41}},"loc":{"start":{"line":25,"column":96},"end":{"line":46,"column":1}},"line":25},"2":{"name":"(anonymous_2)","decl":{"start":{"line":49,"column":19},"end":{"line":49,"column":20}},"loc":{"start":{"line":52,"column":6},"end":{"line":78,"column":1}},"line":52},"3":{"name":"(anonymous_3)","decl":{"start":{"line":53,"column":52},"end":{"line":53,"column":53}},"loc":{"start":{"line":53,"column":68},"end":{"line":53,"column":96}},"line":53},"4":{"name":"(anonymous_4)","decl":{"start":{"line":63,"column":15},"end":{"line":63,"column":16}},"loc":{"start":{"line":63,"column":36},"end":{"line":74,"column":1}},"line":63},"5":{"name":"(anonymous_5)","decl":{"start":{"line":66,"column":5},"end":{"line":66,"column":6}},"loc":{"start":{"line":66,"column":28},"end":{"line":71,"column":1}},"line":66},"6":{"name":"(anonymous_6)","decl":{"start":{"line":82,"column":45},"end":{"line":82,"column":46}},"loc":{"start":{"line":99,"column":5},"end":{"line":214,"column":1}},"line":99},"7":{"name":"(anonymous_7)","decl":{"start":{"line":102,"column":37},"end":{"line":102,"column":38}},"loc":{"start":{"line":102,"column":43},"end":{"line":128,"column":3}},"line":102},"8":{"name":"(anonymous_8)","decl":{"start":{"line":153,"column":21},"end":{"line":153,"column":22}},"loc":{"start":{"line":153,"column":38},"end":{"line":210,"column":9}},"line":153},"9":{"name":"(anonymous_9)","decl":{"start":{"line":219,"column":44},"end":{"line":219,"column":45}},"loc":{"start":{"line":222,"column":5},"end":{"line":262,"column":1}},"line":222},"10":{"name":"(anonymous_10)","decl":{"start":{"line":237,"column":19},"end":{"line":237,"column":20}},"loc":{"start":{"line":237,"column":29},"end":{"line":259,"column":7}},"line":237},"11":{"name":"getPayloadConfigFromPayload","decl":{"start":{"line":266,"column":9},"end":{"line":266,"column":36}},"loc":{"start":{"line":270,"column":2},"end":{"line":300,"column":1}},"line":270}},"branchMap":{"0":{"loc":{"start":{"line":18,"column":2},"end":{"line":20,"column":3}},"type":"if","locations":[{"start":{"line":18,"column":2},"end":{"line":20,"column":3}},{"start":{},"end":{}}],"line":18},"1":{"loc":{"start":{"line":27,"column":27},"end":{"line":27,"column":59}},"type":"binary-expr","locations":[{"start":{"line":27,"column":27},"end":{"line":27,"column":29}},{"start":{"line":27,"column":33},"end":{"line":27,"column":59}}],"line":27},"2":{"loc":{"start":{"line":53,"column":68},"end":{"line":53,"column":96}},"type":"binary-expr","locations":[{"start":{"line":53,"column":68},"end":{"line":53,"column":80}},{"start":{"line":53,"column":84},"end":{"line":53,"column":96}}],"line":53},"3":{"loc":{"start":{"line":55,"column":2},"end":{"line":57,"column":3}},"type":"if","locations":[{"start":{"line":55,"column":2},"end":{"line":57,"column":3}},{"start":{},"end":{}}],"line":55},"4":{"loc":{"start":{"line":68,"column":2},"end":{"line":69,"column":18}},"type":"binary-expr","locations":[{"start":{"line":68,"column":2},"end":{"line":68,"column":27}},{"start":{"line":69,"column":2},"end":{"line":69,"column":18}}],"line":68},"5":{"loc":{"start":{"line":70,"column":7},"end":{"line":70,"column":51}},"type":"cond-expr","locations":[{"start":{"line":70,"column":15},"end":{"line":70,"column":44}},{"start":{"line":70,"column":47},"end":{"line":70,"column":51}}],"line":70},"6":{"loc":{"start":{"line":87,"column":4},"end":{"line":87,"column":21}},"type":"default-arg","locations":[{"start":{"line":87,"column":16},"end":{"line":87,"column":21}}],"line":87},"7":{"loc":{"start":{"line":88,"column":4},"end":{"line":88,"column":21}},"type":"default-arg","locations":[{"start":{"line":88,"column":16},"end":{"line":88,"column":21}}],"line":88},"8":{"loc":{"start":{"line":89,"column":4},"end":{"line":89,"column":25}},"type":"default-arg","locations":[{"start":{"line":89,"column":20},"end":{"line":89,"column":25}}],"line":89},"9":{"loc":{"start":{"line":103,"column":4},"end":{"line":105,"column":5}},"type":"if","locations":[{"start":{"line":103,"column":4},"end":{"line":105,"column":5}},{"start":{},"end":{}}],"line":103},"10":{"loc":{"start":{"line":103,"column":8},"end":{"line":103,"column":37}},"type":"binary-expr","locations":[{"start":{"line":103,"column":8},"end":{"line":103,"column":17}},{"start":{"line":103,"column":21},"end":{"line":103,"column":37}}],"line":103},"11":{"loc":{"start":{"line":108,"column":19},"end":{"line":108,"column":67}},"type":"binary-expr","locations":[{"start":{"line":108,"column":19},"end":{"line":108,"column":27}},{"start":{"line":108,"column":31},"end":{"line":108,"column":43}},{"start":{"line":108,"column":47},"end":{"line":108,"column":56}},{"start":{"line":108,"column":60},"end":{"line":108,"column":67}}],"line":108},"12":{"loc":{"start":{"line":111,"column":6},"end":{"line":113,"column":27}},"type":"cond-expr","locations":[{"start":{"line":112,"column":10},"end":{"line":112,"column":39}},{"start":{"line":113,"column":10},"end":{"line":113,"column":27}}],"line":111},"13":{"loc":{"start":{"line":111,"column":6},"end":{"line":111,"column":44}},"type":"binary-expr","locations":[{"start":{"line":111,"column":6},"end":{"line":111,"column":15}},{"start":{"line":111,"column":19},"end":{"line":111,"column":44}}],"line":111},"14":{"loc":{"start":{"line":112,"column":10},"end":{"line":112,"column":39}},"type":"binary-expr","locations":[{"start":{"line":112,"column":10},"end":{"line":112,"column":30}},{"start":{"line":112,"column":34},"end":{"line":112,"column":39}}],"line":112},"15":{"loc":{"start":{"line":115,"column":4},"end":{"line":121,"column":5}},"type":"if","locations":[{"start":{"line":115,"column":4},"end":{"line":121,"column":5}},{"start":{},"end":{}}],"line":115},"16":{"loc":{"start":{"line":123,"column":4},"end":{"line":125,"column":5}},"type":"if","locations":[{"start":{"line":123,"column":4},"end":{"line":125,"column":5}},{"start":{},"end":{}}],"line":123},"17":{"loc":{"start":{"line":138,"column":2},"end":{"line":140,"column":3}},"type":"if","locations":[{"start":{"line":138,"column":2},"end":{"line":140,"column":3}},{"start":{},"end":{}}],"line":138},"18":{"loc":{"start":{"line":138,"column":6},"end":{"line":138,"column":33}},"type":"binary-expr","locations":[{"start":{"line":138,"column":6},"end":{"line":138,"column":13}},{"start":{"line":138,"column":17},"end":{"line":138,"column":33}}],"line":138},"19":{"loc":{"start":{"line":142,"column":20},"end":{"line":142,"column":63}},"type":"binary-expr","locations":[{"start":{"line":142,"column":20},"end":{"line":142,"column":40}},{"start":{"line":142,"column":44},"end":{"line":142,"column":63}}],"line":142},"20":{"loc":{"start":{"line":151,"column":7},"end":{"line":151,"column":39}},"type":"cond-expr","locations":[{"start":{"line":151,"column":20},"end":{"line":151,"column":32}},{"start":{"line":151,"column":35},"end":{"line":151,"column":39}}],"line":151},"21":{"loc":{"start":{"line":154,"column":25},"end":{"line":154,"column":72}},"type":"binary-expr","locations":[{"start":{"line":154,"column":25},"end":{"line":154,"column":32}},{"start":{"line":154,"column":36},"end":{"line":154,"column":45}},{"start":{"line":154,"column":49},"end":{"line":154,"column":61}},{"start":{"line":154,"column":65},"end":{"line":154,"column":72}}],"line":154},"22":{"loc":{"start":{"line":156,"column":33},"end":{"line":156,"column":73}},"type":"binary-expr","locations":[{"start":{"line":156,"column":33},"end":{"line":156,"column":38}},{"start":{"line":156,"column":42},"end":{"line":156,"column":59}},{"start":{"line":156,"column":63},"end":{"line":156,"column":73}}],"line":156},"23":{"loc":{"start":{"line":163,"column":16},"end":{"line":163,"column":53}},"type":"binary-expr","locations":[{"start":{"line":163,"column":16},"end":{"line":163,"column":35}},{"start":{"line":163,"column":39},"end":{"line":163,"column":53}}],"line":163},"24":{"loc":{"start":{"line":165,"column":15},"end":{"line":207,"column":15}},"type":"cond-expr","locations":[{"start":{"line":166,"column":16},"end":{"line":166,"column":75}},{"start":{"line":168,"column":16},"end":{"line":206,"column":19}}],"line":165},"25":{"loc":{"start":{"line":165,"column":15
[...]
nd":{"line":99,"column":5}},"type":"if","locations":[{"start":{"line":97,"column":4},"end":{"line":99,"column":5}},{"start":{},"end":{}}],"line":97},"6":{"loc":{"start":{"line":97,"column":8},"end":{"line":97,"column":72}},"type":"binary-expr","locations":[{"start":{"line":97,"column":8},"end":{"line":97,"column":39}},{"start":{"line":97,"column":43},"end":{"line":97,"column":72}}],"line":97},"7":{"loc":{"start":{"line":108,"column":4},"end":{"line":115,"column":5}},"type":"if","locations":[{"start":{"line":108,"column":4},"end":{"line":115,"column":5}},{"start":{},"end":{}}],"line":108},"8":{"loc":{"start":{"line":111,"column":6},"end":{"line":113,"column":7}},"type":"if","locations":[{"start":{"line":111,"column":6},"end":{"line":113,"column":7}},{"start":{},"end":{}}],"line":111},"9":{"loc":{"start":{"line":122,"column":4},"end":{"line":142,"column":5}},"type":"if","locations":[{"start":{"line":122,"column":4},"end":{"line":142,"column":5}},{"start":{},"end":{}}],"line":122},"10":{"loc":{"start":{"line":127,"column":6},"end":{"line":141,"column":7}},"type":"if","locations":[{"start":{"line":127,"column":6},"end":{"line":141,"column":7}},{"start":{"line":136,"column":13},"end":{"line":141,"column":7}}],"line":127},"11":{"loc":{"start":{"line":131,"column":12},"end":{"line":133,"column":13}},"type":"if","locations":[{"start":{"line":131,"column":12},"end":{"line":133,"column":13}},{"start":{},"end":{}}],"line":131},"12":{"loc":{"start":{"line":138,"column":8},"end":{"line":140,"column":9}},"type":"if","locations":[{"start":{"line":138,"column":8},"end":{"line":140,"column":9}},{"start":{},"end":{}}],"line":138},"13":{"loc":{"start":{"line":151,"column":4},"end":{"line":173,"column":5}},"type":"if","locations":[{"start":{"line":151,"column":4},"end":{"line":173,"column":5}},{"start":{},"end":{}}],"line":151},"14":{"loc":{"start":{"line":151,"column":8},"end":{"line":151,"column":56}},"type":"binary-expr","locations":[{"start":{"line":151,"column":8},"end":{"line":151,"column":38}},{"start":{"line":151,"column":42},"end":{"line":151,"column":56}}],"line":151},"15":{"loc":{"start":{"line":156,"column":8},"end":{"line":167,"column":9}},"type":"if","locations":[{"start":{"line":156,"column":8},"end":{"line":167,"column":9}},{"start":{"line":164,"column":15},"end":{"line":167,"column":9}}],"line":156},"16":{"loc":{"start":{"line":159,"column":14},"end":{"line":161,"column":15}},"type":"if","locations":[{"start":{"line":159,"column":14},"end":{"line":161,"column":15}},{"start":{},"end":{}}],"line":159},"17":{"loc":{"start":{"line":164,"column":15},"end":{"line":167,"column":9}},"type":"if","locations":[{"start":{"line":164,"column":15},"end":{"line":167,"column":9}},{"start":{},"end":{}}],"line":164},"18":{"loc":{"start":{"line":180,"column":4},"end":{"line":186,"column":5}},"type":"if","locations":[{"start":{"line":180,"column":4},"end":{"line":186,"column":5}},{"start":{"line":182,"column":11},"end":{"line":186,"column":5}}],"line":180},"19":{"loc":{"start":{"line":182,"column":11},"end":{"line":186,"column":5}},"type":"if","locations":[{"start":{"line":182,"column":11},"end":{"line":186,"column":5}},{"start":{"line":184,"column":11},"end":{"line":186,"column":5}}],"line":182},"20":{"loc":{"start":{"line":184,"column":11},"end":{"line":186,"column":5}},"type":"if","locations":[{"start":{"line":184,"column":11},"end":{"line":186,"column":5}},{"start":{},"end":{}}],"line":184},"21":{"loc":{"start":{"line":209,"column":7},"end":{"line":211,"column":7}},"type":"binary-expr","locations":[{"start":{"line":209,"column":7},"end":{"line":209,"column":27}},{"start":{"line":210,"column":8},"end":{"line":210,"column":75}}],"line":209},"22":{"loc":{"start":{"line":235,"column":35},"end":{"line":235,"column":90}},"type":"cond-expr","locations":[{"start":{"line":235,"column":59},"end":{"line":235,"column":72}},{"start":{"line":235,"column":75},"end":{"line":235,"column":90}}],"line":235},"23":{"loc":{"start":{"line":239,"column":20},"end":{"line":241,"column":80}},"type":"cond-expr","locations":[{"start":{"line":240,"column":24},"end":{"line":240,"column":77}},{"start":{"line":241,"column":24},"end":{"line":241,"column":80}}],"line":239},"24":{"loc":{"start":{"line":244,"column":43},"end":{"line":244,"column":121}},"type":"cond-expr","locations":[{"start":{"line":244,"column":67},"end":{"line":244,"column":93}},{"start":{"line":244,"column":96},"end":{"line":244,"column":121}}],"line":244},"25":{"loc":{"start":{"line":248,"column":19},"end":{"line":255,"column":19}},"type":"cond-expr","locations":[{"start":{"line":249,"column":20},"end":{"line":252,"column":22}},{"start":{"line":254,"column":20},"end":{"line":254,"column":28}}],"line":248},"26":{"loc":{"start":{"line":248,"column":19},"end":{"line":248,"column":57}},"type":"binary-expr","locations":[{"start":{"line":248,"column":19},"end":{"line":248,"column":31}},{"start":{"line":248,"column":35},"end":{"line":248,"column":57}}],"line":248},"27":{"loc":{"start":{"line":262,"column":9},"end":{"line":267,"column":9}},"type":"binary-expr","locations":[{"start":{"line":262,"column":9},"end":{"line":262,"column":21}},{"start":{"line":263,"column":10},"end":{"line":266,"column":12}}],"line":262}},"s":{"0":0,"1":0,"2":0,"3":0,"4":0,"5":0,"6":0,"7":0,"8":0,"9":0,"10":0,"11":0,"12":0,"13":0,"14":0,"15":0,"16":0,"17":0,"18":0,"19":0,"20":0,"21":0,"22":0,"23":0,"24":0,"25":0,"26":0,"27":0,"28":0,"29":0,"30":0,"31":0,"32":0,"33":0,"34":0,"35":0,"36":0,"37":0,"38":0,"39":0,"40":0,"41":0,"42":0,"43":0,"44":0,"45":0,"46":0,"47":0,"48":0,"49":0,"50":0,"51":0,"52":0,"53":0,"54":0,"55":0,"56":0,"57":0,"58":0,"59":0,"60":0,"61":0,"62":0,"63":0,"64":0,"65":0,"66":0,"67":0,"68":0,"69":0,"70":0,"71":0,"72":0,"73":0,"74":0,"75":0},"f":{"0":0,"1":0,"2":0,"3":0,"4":0,"5":0,"6":0,"7":0,"8":0,"9":0,"10":0,"11":0,"12":0,"13":0,"14":0,"15":0,"16":0,"17":0,"18":0,"19":0,"20":0,"21":0},"b":{"0":[0,0],"1":[0,0],"2":[0,0],"3":[0,0],"4":[0,0],"5":[0,0],"6":[0,0],"7":[0,0],"8":[0,0],"9":[0,0],"10":[0,0],"11":[0,0],"12":[0,0],"13":[0,0],"14":[0,0],"15":[0,0],"16":[0,0],"17":[0,0],"18":[0,0],"19":[0,0],"20":[0,0],"21":[0,0],"22":[0,0],"23":[0,0],"24":[0,0],"25":[0,0],"26":[0,0],"27":[0,0]}}
,"/home/runner/work/tessa-ai/tessa-ai/src/utils/errorHandling.js": {"path":"/home/runner/work/tessa-ai/tessa-ai/src/utils/errorHandling.js","statementMap":{"0":{"start":{"line":10,"column":24},"end":{"line":12,"column":1}},"1":{"start":{"line":11,"column":2},"end":{"line":11,"column":26}},"2":{"start":{"line":18,"column":44},"end":{"line":20,"column":1}},"3":{"start":{"line":19,"column":2},"end":{"line":19,"column":72}},"4":{"start":{"line":26,"column":42},"end":{"line":28,"column":1}},"5":{"start":{"line":27,"column":2},"end":{"line":27,"column":34}},"6":{"start":{"line":40,"column":25},"end":{"line":72,"column":1}},"7":{"start":{"line":46,"column":6},"end":{"line":46,"column":13}},"8":{"start":{"line":45,"column":24},"end":{"line":45,"column":28}},"9":{"start":{"line":50,"column":2},"end":{"line":69,"column":3}},"10":{"start":{"line":50,"column":21},"end":{"line":50,"column":22}},"11":{"start":{"line":51,"column":4},"end":{"line":68,"column":5}},"12":{"start":{"line":52,"column":6},"end":{"line":52,"column":24}},"13":{"start":{"line":54,"column":6},"end":{"line":54,"column":24}},"14":{"start":{"line":57,"column":6},"end":{"line":59,"column":7}},"15":{"start":{"line":58,"column":8},"end":{"line":58,"column":20}},"16":{"start":{"line":62,"column":20},"end":{"line":62,"column":75}},"17":{"start":{"line":64,"column":6},"end":{"line":64,"column":88}},"18":{"start":{"line":67,"column":6},"end":{"line":67,"column":63}},"19":{"start":{"line":67,"column":35},"end":{"line":67,"column":61}},"20":{"start":{"line":71,"column":2},"end":{"line":71,"column":18}},"21":{"start":{"line":81,"column":27},"end":{"line":88,"column":1}},"22":{"start":{"line":82,"column":2},"end":{"line":87,"column":5}},"23":{"start":{"line":85,"column":6},"end":{"line":85,"column":68}},"24":{"start":{"line":85,"column":23},"end":{"line":85,"column":56}},"25":{"start":{"line":95,"column":29},"end":{"line":134,"column":1}},"26":{"start":{"line":96,"column":2},"end":{"line":96,"column":31}},"27":{"start":{"line":96,"column":14},"end":{"line":96,"column":31}},"28":{"start":{"line":98,"column":23},"end":{"line":98,"column":57}},"29":{"start":{"line":99,"column":20},"end":{"line":99,"column":51}},"30":{"start":{"line":102,"column":2},"end":{"line":107,"column":3}},"31":{"start":{"line":106,"column":4},"end":{"line":106,"column":21}},"32":{"start":{"line":110,"column":2},"end":{"line":115,"column":3}},"33":{"start":{"line":114,"column":4},"end":{"line":114,"column":18}},"34":{"start":{"line":118,"column":2},"end":{"line":123,"column":3}},"35":{"start":{"line":122,"column":4},"end":{"line":122,"column":20}},"36":{"start":{"line":126,"column":2},"end":{"line":131,"column":3}},"37":{"start":{"line":130,"column":4},"end":{"line":130,"column":17}},"38":{"start":{"line":133,"column":2},"end":{"line":133,"column":19}},"39":{"start":{"line":141,"column":43},"end":{"line":153,"column":1}},"40":{"start":{"line":142,"column":19},"end":{"line":142,"column":39}},"41":{"start":{"line":144,"column":19},"end":{"line":150,"column":3}},"42":{"start":{"line":152,"column":2},"end":{"line":152,"column":48}},"43":{"start":{"line":160,"column":32},"end":{"line":165,"column":1}},"44":{"start":{"line":161,"column":19},"end":{"line":161,"column":39}},"45":{"start":{"line":164,"column":2},"end":{"line":164,"column":54}},"46":{"start":{"line":172,"column":44},"end":{"line":213,"column":1}},"47":{"start":{"line":173,"column":16},"end":{"line":173,"column":27}},"48":{"start":{"line":175,"column":24},"end":{"line":206,"column":3}},"49":{"start":{"line":208,"column":2},"end":{"line":212,"column":4}},"50":{"start":{"line":221,"column":24},"end":{"line":227,"column":1}},"51":{"start":{"line":223,"column":2},"end":{"line":226,"column":4}},"52":{"start":{"line":224,"column":4},"end":{"line":224,"column":28}},"53":{"start":{"line":225,"column":4},"end":{"line":225,"column":53}},"54":{"start":{"line":225,"column":33},"end":{"line":225,"column":44}}},"fnMap":{"0":{"name":"(anonymous_0)","decl":{"start":{"line":10,"column":24},"end":{"line":10,"column":25}},"loc":{"start":{"line":10,"column":30},"end":{"line":12,"column":1}},"line":10},"1":{"name":"(anonymous_1)","decl":{"start":{"line":18,"column":44},"end":{"line":18,"column":45}},"loc":{"start":{"line":18,"column":50},"end":{"line":20,"column":1}},"line":18},"2":{"name":"(anonymous_2)","decl":{"start":{"line":26,"column":42},"end":{"line":26,"column":43}},"loc":{"start":{"line":26,"column":48},"end":{"line":28,"column":1}},"line":26},"3":{"name":"(anonymous_3)","decl":{"start":{"line":40,"column":25},"end":{"line":40,"column":26}},"loc":{"start":{"line":40,"column":53},"end":{"line":72,"column":1}},"line":40},"4":{"name":"(anonymous_4)","decl":{"start":{"line":45,"column":18},"end":{"line":45,"column":19}},"loc":{"start":{"line":45,"column":24},"end":{"line":45,"column":28}},"line":45},"5":{"name":"(anonymous_5)","decl":{"start":{"line":67,"column":24},"end":{"line":67,"column":25}},"loc":{"start":{"line":67,"column":35},"end":{"line":67,"column":61}},"line":67},"6":{"name":"(anonymous_6)","decl":{"start":{"line":81,"column":27},"end":{"line":81,"column":28}},"loc":{"start":{"line":81,"column":100},"end":{"line":88,"column":1}},"line":81},"7":{"name":"(anonymous_7)","decl":{"start":{"line":84,"column":16},"end":{"line":84,"column":17}},"loc":{"start":{"line":85,"column":6},"end":{"line":85,"column":68}},"line":85},"8":{"name":"(anonymous_8)","decl":{"start":{"line":85,"column":17},"end":{"line":85,"column":18}},"loc":{"start":{"line":85,"column":23},"end":{"line":85,"column":56}},"line":85},"9":{"name":"(anonymous_9)","decl":{"start":{"line":95,"column":29},"end":{"line":95,"column":30}},"loc":{"start":{"line":95,"column":40},"end":{"line":134,"column":1}},"line":95},"10":{"name":"(anonymous_10)","decl":{"start":{"line":141,"column":43},"end":{"line":141,"column":44}},"loc":{"start":{"line":141,"column":54},"end":{"line":153,"column":1}},"line":141},"11":{"name":"(anonymous_11)","decl":{"start":{"line":160,"column":32},"end":{"line":160,"column":33}},"loc":{"start":{"line":160,"column":43},"end":{"line":165,"column":1}},"line":160},"12":{"name":"(anonymous_12)","decl":{"start":{"line":172,"column":44},"end":{"line":172,"column":45}},"loc":{"start":{"line":172,"column":55},"end":{"line":213,"column":1}},"line":172},"13":{"name":"(anonymous_13)","decl":{"start":{"line":221,"column":24},"end":{"line":221,"column":25}},"loc":{"start":{"line":221,"column":45},"end":{"line":227,"column":1}},"line":221},"14":{"name":"(anonymous_14)","decl":{"start":{"line":223,"column":9},"end":{"line":223,"column":10}},"loc":{"start":{"line":223,"column":22},"end":{"line":226,"column":3}},"line":223},"15":{"name":"(anonymous_15)","decl":{"start":{"line":225,"column":27},"end":{"line":225,"column":28}},"loc":{"start":{"line":225,"column":33},"end":{"line":225,"column":44}},"line":225}},"branchMap":{"0":{"loc":{"start":{"line":19,"column":12},"end":{"line":19,"column":70}},"type":"binary-expr","locations":[{"start":{"line":19,"column":12},"end":{"line":19,"column":36}},{"start":{"line":19,"column":40},"end":{"line":19,"column":70}}],"line":19},"1":{"loc":{"start":{"line":40,"column":36},"end":{"line":40,"column":48}},"type":"default-arg","locations":[{"start":{"line":40,"column":46},"end":{"line":40,"column":48}}],"line":40},"2":{"loc":{"start":{"line":42,"column":4},"end":{"line":42,"column":18}},"type":"default-arg","locations":[{"start":{"line":42,"column":17},"end":{"line":42,"column":18}}],"line":42},"3":{"loc":{"start":{"line":43,"column":4},"end":{"line":43,"column":23}},"type":"default-arg","locations":[{"start":{"line":43,"column":19},"end":{"line":43,"column":23}}],"line":43},"4":{"loc":{"start":{"line":44,"column":4},"end":{"line":44,"column":20}},"type":"default-arg","locations":[{"start":{"line":44,"column":15},"end":{"line":44,"column":20}}],"line":44},"5":{"loc":{"start":{"line":45,"column":4},"end":{"line":45,"column":28}},"type":"default-arg","locations":[{"start":{"line":45,"column":18},"end":{"line":45,"column":28}}],"line":45},"6":{"loc":{"start":{"line":57,"column":6},"end":{"line":59,"column":7}},"type":"if","locations":[{"start":{"line":57,"column":6},"end":{"line":59,"column":7}},{"start":{},"end":{}}],"line":57},"7":{"loc":{"start":{"line":57,"column":10},"end":{"line":57,"column":55}},"type":"binary-expr","locations":[{"start":{"line":57,"column":10},"end":{"line":57,"column":32}},{"start":{"line":57,"column":36},"end":{"line":57,"column":55}}],"line":57},"8":{"loc":{"start":{"line":81,"column":38},"end":{"line":81,"column":55}},"type":"default-arg","locations":[{"start":{"line":81,"column":50},"end":{"line":81,"column":55}}],"line":81},"9":{"loc":{"start":{"line":81,"column":57},"end":{"line":81,"column":95}},"type":"default-arg","locations":[{"start":{"line":81,"column":74},"end":{"line":81,"column":95}}],"line":81},"10":{"loc":{"start":{"line":96,"column":2},"end":{"line":96,"column":31}},"type":"if","locations":[{"start":{"line":96,"column":2},"end":{"line":96,"column":31}},{"start":{},"end":{}}],"line":96},"11":{"loc":{"start":{"line":98,"column":23},"end":{"line":98,"column":57}},"type":"binary-expr","locations":[{"start":{"line":98,"column":23},"end":{"line":98,"column":51}},{"start":{"line":98,"column":55},"end":{"line":98,"column":57}}],"line":98},"12":{"loc":{"start":{"line":99,"column":20},"end":{"line":99,"column":51}},"type":"binary-expr","locations":[{"start":{"line":99,"column":20},"end":{"line":99,"column":45}},{"start":{"line":99,"column":49},"end":{"line":99,"column":51}}],"line":99},"13":{"loc":{"start":{"line":102,"column":2},"end":{"line":107,"column":3}},"type":"if","locations":[{"start":{"line":102,"column":2},"end":{"line":107,"column":3}},{"start":{},"end":{}}],"line":102},"14":{"loc":{"start":{"line":102,"column":6},"end":{"line":105,"column":34}},"type":"binary-expr","locations":[{"start":{"line":102,"column":6},"end":{"line":102,"column":38}},{"start":{"line":103,"column":6},"end":{"line":103,"column":36}},{"start":{"line":104,"column":6},"end":{"line":104,"column":38}},{"start":{"line":105,"column":6},"end":{"line":105,"column":34}}],"line":102},"15":{"loc":{"start":{"line":110,"column":2},"end":{"line":115,"column":3}},"type":"if","locations":[{"start":{"line":110,"column":2},"end":{"line":115,"column":3}},{"start":{},"end":{}}],"line":110},"16":{"loc":{"start":{"line":110,"column":6},"end":{"line":113,"column":50}},"type":"binary-expr","locations":[{"start":{"line":110,"column":6},"end":{"line":110,"column":35}},{"start":{"line":111,"column":6},"end":{"line":111,"column":43}},{"start":{"line":112,"column":6},"end":{"line":112,"column":40}},{"start":{"line":113,"column":6},"end":{"line":113,"column":26}},{"start":{"line":113,"column":30},"end":{"line":113,"column":50}}],"line":110},"17":{"loc":{"start":{"line":118,"column":2},"end":{"line":123,"column":3}},"type":"if","locations":[{"start":{"line":118,"column":2},"end":{"line":123,"column":3}},{"start":{},"end":{}}],"line":118},"18":{"loc":{"start":{"line":118,"column":6},"end":{"line":121,"column":41}},"type":"binary-expr","locations":[{"start":{"line":118,"column":6},"end":{"line":118,"column":37}},{"start":{"line":119,"column":6},"end":{"line":119,"column":42}},{"start":{"line":120,"column":6},"end":{"line":120,"column":40}},{"start":{"line":121,"column":6},"end":{"line":121,"column":41}}],"line":118},"19":{"loc":{"start":{"line":126,"column":2},"end":{"line":131,"column":3}},"type":"if","locations":[{"start":{"line":126,"column":2},"end":{"line":131,"column":3}},{"start":{},"end":{}}],"line":126},"20":{"loc":{"start":{"line":126,"column":6},"end":{"line":129,"column":25}},"type":"binary-expr","locations":[{"start":{"line":126,"column":6},"end":{"line":126,"column":34}},{"start":{"line":127,"column":6},"end":{"line":127,"column":36}},{"start":{"line":128,"column":6},"end":{"line":128,"column":43}},{"start":{"line":129,"column":6},"end":{"line":129,"column":25}}],"line":126},"21":{"loc":{"start":{"line":152,"column":9},"end":{"line":152,"column":47}},"type":"binary-expr","locations":[{"start":{"line":152,"column":9},"end":{"line":152,"column":27}},{"start":{"line":152,"column":31},"end":{"line":152,"column":47}}],"line":152},"22":{"loc":{"start":{"line":164,"column":9},"end":{"line":164,"column":53}},"type":"binary-expr","locations":[{"start":{"line":164,"column":9},"end":{"line":164,"column":31}},{"start":{"line":164,"column":35},"end":{"line":164,"column":53}}],"line":164},"23":{"loc":{"start":{"line":208,"column":9},"end":{"line":212,"column":3}},"type":"binary-expr","locations":[{"start":{"line":208,"column":9},"end":{"line":208,"column":29}},{"start":{"line":208,"column":33},"end":{"line":212,"column":3}}],"line":208},"24":{"loc":{"start":{"line":221,"column":29},"end":{"line":221,"column":40}},"type":"default-arg","locations":[{"start":{"line":221,"column":37},"end":{"line":221,"column":40}}],"line":221}},"s":{"0":1,"1":2,"2":1,"3":2,"4":1,"5":1,"6":1,"7":4,"8":4,"9":4,"10":4,"11":8,"12":8,"13":6,"14":6,"15":2,"16":4,"17":4,"18":4,"19":4,"20":0,"21":1,"22":2,"23":2,"24":1,"25":1,"26":11,"27":0,"28":11,"29":11,"30":11,"31":3,"32":8,"33":3,"34":5,"35":2,"36":3,"37":2,"38":1,"39":1,"40":2,"41":2,"42":2,"43":1,"44":4,"45":4,"46":1,"47":3,"48":3,"49":3,"50":1,"51":1,"52":3,"53":3,"54":1},"f":{"0":2,"1":2,"2":1,"3":4,"4":4,"5":4,"6":2,"7":2,"8":1,"9":11,"10":2,"11":4,"12":3,"13":1,"14":3,"15":1},"b":{"0":[2,1],"1":[1],"2":[1],"3":[2],"4":[4],"5":[3],"6":[2,4],"7":[6,5],"8":[0],"9":[1],"10":[0,11],"11":[11,0],"12":[11,1],"13":[3,8],"14":[11,9,8,8],"15":[3,5],"16":[8,5,5,5,5],"17":[2,3],"18":[5,4,4,4],"19":[2,1],"20":[3,1,1,1],"21":[2,0],"22":[4,3],"23":[3,0],"24":[0]},"_coverageSchema":"1a1c01bbd47fc00a2c39e90264f33305004495a9","hash":"47c4cdd8cf8ab936e827aa8582cf0d44f6a291d1"}
}
